SF:/home/bronson/workspace/SQE_API/sqe-dto/Artefact.cs
FN:8,System.UInt32 SQE.API.DTO.ArtefactDataDTO::get_id()
FNDA:10417,System.UInt32 SQE.API.DTO.ArtefactDataDTO::get_id()
DA:9,10417
FN:10,System.String SQE.API.DTO.ArtefactDataDTO::get_name()
FNDA:10165,System.String SQE.API.DTO.ArtefactDataDTO::get_name()
DA:11,10165
FN:15,System.UInt32 SQE.API.DTO.ArtefactDTO::get_editionId()
FNDA:10150,System.UInt32 SQE.API.DTO.ArtefactDTO::get_editionId()
DA:16,10150
FN:17,System.String SQE.API.DTO.ArtefactDTO::get_imagedObjectId()
FNDA:10298,System.String SQE.API.DTO.ArtefactDTO::get_imagedObjectId()
DA:18,10298
FN:19,System.UInt32 SQE.API.DTO.ArtefactDTO::get_imageId()
FNDA:10147,System.UInt32 SQE.API.DTO.ArtefactDTO::get_imageId()
DA:20,10147
FN:21,System.UInt32 SQE.API.DTO.ArtefactDTO::get_artefactDataEditorId()
FNDA:10147,System.UInt32 SQE.API.DTO.ArtefactDTO::get_artefactDataEditorId()
DA:22,10147
FN:23,System.String SQE.API.DTO.ArtefactDTO::get_mask()
FNDA:10164,System.String SQE.API.DTO.ArtefactDTO::get_mask()
DA:24,10164
FN:25,System.UInt32 SQE.API.DTO.ArtefactDTO::get_artefactMaskEditorId()
FNDA:10147,System.UInt32 SQE.API.DTO.ArtefactDTO::get_artefactMaskEditorId()
DA:26,10147
FN:27,System.Boolean SQE.API.DTO.ArtefactDTO::get_isPlaced()
FNDA:10235,System.Boolean SQE.API.DTO.ArtefactDTO::get_isPlaced()
DA:28,10235
FN:29,SQE.API.DTO.PlacementDTO SQE.API.DTO.ArtefactDTO::get_placement()
FNDA:10265,SQE.API.DTO.PlacementDTO SQE.API.DTO.ArtefactDTO::get_placement()
DA:30,10265
FN:31,System.Nullable`1<System.UInt32> SQE.API.DTO.ArtefactDTO::get_artefactPlacementEditorId()
FNDA:10234,System.Nullable`1<System.UInt32> SQE.API.DTO.ArtefactDTO::get_artefactPlacementEditorId()
DA:32,10234
FN:34,SQE.API.DTO.SideDesignation SQE.API.DTO.ArtefactDTO::get_side()
FNDA:10147,SQE.API.DTO.SideDesignation SQE.API.DTO.ArtefactDTO::get_side()
DA:35,10147
FN:36,System.String SQE.API.DTO.ArtefactDTO::get_statusMessage()
FNDA:10149,System.String SQE.API.DTO.ArtefactDTO::get_statusMessage()
DA:37,10149
FN:41,System.Collections.Generic.List`1<SQE.API.DTO.ArtefactDTO> SQE.API.DTO.ArtefactListDTO::get_artefacts()
FNDA:2350,System.Collections.Generic.List`1<SQE.API.DTO.ArtefactDTO> SQE.API.DTO.ArtefactListDTO::get_artefacts()
DA:42,2350
FN:46,System.Collections.Generic.List`1<SQE.API.DTO.ArtefactDataDTO> SQE.API.DTO.ArtefactDataListDTO::get_artefacts()
FNDA:11,System.Collections.Generic.List`1<SQE.API.DTO.ArtefactDataDTO> SQE.API.DTO.ArtefactDataListDTO::get_artefacts()
DA:47,11
FN:51,System.UInt32 SQE.API.DTO.ArtefactGroupDTO::get_id()
FNDA:92,System.UInt32 SQE.API.DTO.ArtefactGroupDTO::get_id()
DA:52,92
FN:56,System.Collections.Generic.List`1<SQE.API.DTO.ArtefactGroupDTO> SQE.API.DTO.ArtefactGroupListDTO::get_artefactGroups()
FNDA:74,System.Collections.Generic.List`1<SQE.API.DTO.ArtefactGroupDTO> SQE.API.DTO.ArtefactGroupListDTO::get_artefactGroups()
DA:57,74
FN:61,System.String SQE.API.DTO.UpdateArtefactDTO::get_mask()
FNDA:40,System.String SQE.API.DTO.UpdateArtefactDTO::get_mask()
DA:62,40
FN:62,SQE.API.DTO.PlacementDTO SQE.API.DTO.UpdateArtefactDTO::get_placement()
FNDA:109,SQE.API.DTO.PlacementDTO SQE.API.DTO.UpdateArtefactDTO::get_placement()
DA:63,109
FN:69,System.String SQE.API.DTO.UpdateArtefactDTO::get_name()
FNDA:79,System.String SQE.API.DTO.UpdateArtefactDTO::get_name()
DA:70,79
FN:71,System.String SQE.API.DTO.UpdateArtefactDTO::get_statusMessage()
FNDA:66,System.String SQE.API.DTO.UpdateArtefactDTO::get_statusMessage()
DA:72,66
FN:81,System.UInt32 SQE.API.DTO.UpdateArtefactPlacementDTO::get_artefactId()
FNDA:783,System.UInt32 SQE.API.DTO.UpdateArtefactPlacementDTO::get_artefactId()
DA:82,783
FN:83,System.Boolean SQE.API.DTO.UpdateArtefactPlacementDTO::get_isPlaced()
FNDA:870,System.Boolean SQE.API.DTO.UpdateArtefactPlacementDTO::get_isPlaced()
DA:84,870
FN:85,SQE.API.DTO.PlacementDTO SQE.API.DTO.UpdateArtefactPlacementDTO::get_placement()
FNDA:1305,SQE.API.DTO.PlacementDTO SQE.API.DTO.UpdateArtefactPlacementDTO::get_placement()
DA:86,1305
FN:90,System.Collections.Generic.List`1<SQE.API.DTO.UpdateArtefactPlacementDTO> SQE.API.DTO.BatchUpdateArtefactPlacementDTO::get_artefactPlacements()
FNDA:105,System.Collections.Generic.List`1<SQE.API.DTO.UpdateArtefactPlacementDTO> SQE.API.DTO.BatchUpdateArtefactPlacementDTO::get_artefactPlacements()
DA:91,105
FN:95,System.UInt32 SQE.API.DTO.UpdatedArtefactPlacementDTO::get_placementEditorId()
FNDA:261,System.UInt32 SQE.API.DTO.UpdatedArtefactPlacementDTO::get_placementEditorId()
DA:96,261
FN:100,System.Collections.Generic.List`1<SQE.API.DTO.UpdatedArtefactPlacementDTO> SQE.API.DTO.BatchUpdatedArtefactTransformDTO::get_artefactPlacements()
FNDA:99,System.Collections.Generic.List`1<SQE.API.DTO.UpdatedArtefactPlacementDTO> SQE.API.DTO.BatchUpdatedArtefactTransformDTO::get_artefactPlacements()
DA:101,99
FN:105,System.UInt32 SQE.API.DTO.CreateArtefactDTO::get_masterImageId()
FNDA:40,System.UInt32 SQE.API.DTO.CreateArtefactDTO::get_masterImageId()
DA:106,40
FN:111,System.String SQE.API.DTO.CreateArtefactDTO::get_mask()
FNDA:48,System.String SQE.API.DTO.CreateArtefactDTO::get_mask()
DA:112,48
FN:116,System.String SQE.API.DTO.UpdateArtefactGroupDTO::get_name()
FNDA:10,System.String SQE.API.DTO.UpdateArtefactGroupDTO::get_name()
DA:117,10
FN:118,System.Collections.Generic.List`1<System.UInt32> SQE.API.DTO.UpdateArtefactGroupDTO::get_artefacts()
FNDA:201,System.Collections.Generic.List`1<System.UInt32> SQE.API.DTO.UpdateArtefactGroupDTO::get_artefacts()
DA:119,201
FN:123,System.String SQE.API.DTO.CreateArtefactGroupDTO::get_name()
FNDA:112,System.String SQE.API.DTO.CreateArtefactGroupDTO::get_name()
DA:124,112
LF:32
LH:32
BRF:0
BRH:0
FNF:32
FNH:32
end_of_record
SF:/home/bronson/workspace/SQE_API/sqe-dto/Catalogue.cs
FN:14,SQE.API.DTO.SideDesignation SQE.API.DTO.CatalogueMatchInputDTO::get_catalogSide()
FNDA:15000,SQE.API.DTO.SideDesignation SQE.API.DTO.CatalogueMatchInputDTO::get_catalogSide()
DA:15,15000
FN:16,System.String SQE.API.DTO.CatalogueMatchInputDTO::get_imagedObjectId()
FNDA:15012,System.String SQE.API.DTO.CatalogueMatchInputDTO::get_imagedObjectId()
DA:17,15012
FN:17,System.UInt32 SQE.API.DTO.CatalogueMatchInputDTO::get_manuscriptId()
FNDA:15000,System.UInt32 SQE.API.DTO.CatalogueMatchInputDTO::get_manuscriptId()
DA:18,15000
FN:18,System.String SQE.API.DTO.CatalogueMatchInputDTO::get_editionName()
FNDA:15004,System.String SQE.API.DTO.CatalogueMatchInputDTO::get_editionName()
DA:19,15004
FN:19,System.String SQE.API.DTO.CatalogueMatchInputDTO::get_editionVolume()
FNDA:14998,System.String SQE.API.DTO.CatalogueMatchInputDTO::get_editionVolume()
DA:20,14998
FN:20,System.String SQE.API.DTO.CatalogueMatchInputDTO::get_editionLocation1()
FNDA:14998,System.String SQE.API.DTO.CatalogueMatchInputDTO::get_editionLocation1()
DA:21,14998
FN:21,System.String SQE.API.DTO.CatalogueMatchInputDTO::get_editionLocation2()
FNDA:14998,System.String SQE.API.DTO.CatalogueMatchInputDTO::get_editionLocation2()
DA:22,14998
FN:25,SQE.API.DTO.SideDesignation SQE.API.DTO.CatalogueMatchInputDTO::get_editionSide()
FNDA:15000,SQE.API.DTO.SideDesignation SQE.API.DTO.CatalogueMatchInputDTO::get_editionSide()
DA:26,15000
FN:27,System.String SQE.API.DTO.CatalogueMatchInputDTO::get_comment()
FNDA:14998,System.String SQE.API.DTO.CatalogueMatchInputDTO::get_comment()
DA:28,14998
FN:28,System.UInt32 SQE.API.DTO.CatalogueMatchInputDTO::get_textFragmentId()
FNDA:15006,System.UInt32 SQE.API.DTO.CatalogueMatchInputDTO::get_textFragmentId()
DA:29,15006
FN:29,System.UInt32 SQE.API.DTO.CatalogueMatchInputDTO::get_editionId()
FNDA:15004,System.UInt32 SQE.API.DTO.CatalogueMatchInputDTO::get_editionId()
DA:30,15004
FN:30,System.Nullable`1<System.Boolean> SQE.API.DTO.CatalogueMatchInputDTO::get_confirmed()
FNDA:15023,System.Nullable`1<System.Boolean> SQE.API.DTO.CatalogueMatchInputDTO::get_confirmed()
DA:31,15023
FN:35,System.UInt32 SQE.API.DTO.CatalogueMatchDTO::get_imageCatalogId()
FNDA:14990,System.UInt32 SQE.API.DTO.CatalogueMatchDTO::get_imageCatalogId()
DA:36,14990
FN:36,System.String SQE.API.DTO.CatalogueMatchDTO::get_institution()
FNDA:14996,System.String SQE.API.DTO.CatalogueMatchDTO::get_institution()
DA:37,14996
FN:37,System.String SQE.API.DTO.CatalogueMatchDTO::get_catalogueNumber1()
FNDA:14990,System.String SQE.API.DTO.CatalogueMatchDTO::get_catalogueNumber1()
DA:38,14990
FN:38,System.String SQE.API.DTO.CatalogueMatchDTO::get_catalogueNumber2()
FNDA:14990,System.String SQE.API.DTO.CatalogueMatchDTO::get_catalogueNumber2()
DA:39,14990
FN:39,System.String SQE.API.DTO.CatalogueMatchDTO::get_proxy()
FNDA:14990,System.String SQE.API.DTO.CatalogueMatchDTO::get_proxy()
DA:40,14990
FN:40,System.String SQE.API.DTO.CatalogueMatchDTO::get_url()
FNDA:14996,System.String SQE.API.DTO.CatalogueMatchDTO::get_url()
DA:41,14996
FN:41,System.String SQE.API.DTO.CatalogueMatchDTO::get_filename()
FNDA:14996,System.String SQE.API.DTO.CatalogueMatchDTO::get_filename()
DA:42,14996
FN:42,System.String SQE.API.DTO.CatalogueMatchDTO::get_suffix()
FNDA:14990,System.String SQE.API.DTO.CatalogueMatchDTO::get_suffix()
DA:43,14990
FN:43,System.String SQE.API.DTO.CatalogueMatchDTO::get_thumbnail()
FNDA:14996,System.String SQE.API.DTO.CatalogueMatchDTO::get_thumbnail()
DA:44,14996
FN:44,System.String SQE.API.DTO.CatalogueMatchDTO::get_license()
FNDA:14990,System.String SQE.API.DTO.CatalogueMatchDTO::get_license()
DA:45,14990
FN:45,System.UInt32 SQE.API.DTO.CatalogueMatchDTO::get_iaaEditionCatalogueId()
FNDA:14990,System.UInt32 SQE.API.DTO.CatalogueMatchDTO::get_iaaEditionCatalogueId()
DA:46,14990
FN:46,System.String SQE.API.DTO.CatalogueMatchDTO::get_manuscriptName()
FNDA:14996,System.String SQE.API.DTO.CatalogueMatchDTO::get_manuscriptName()
DA:47,14996
FN:47,System.String SQE.API.DTO.CatalogueMatchDTO::get_name()
FNDA:14996,System.String SQE.API.DTO.CatalogueMatchDTO::get_name()
DA:48,14996
FN:48,System.String SQE.API.DTO.CatalogueMatchDTO::get_matchAuthor()
FNDA:14996,System.String SQE.API.DTO.CatalogueMatchDTO::get_matchAuthor()
DA:49,14996
FN:49,System.String SQE.API.DTO.CatalogueMatchDTO::get_matchConfirmationAuthor()
FNDA:14996,System.String SQE.API.DTO.CatalogueMatchDTO::get_matchConfirmationAuthor()
DA:50,14996
FN:50,System.UInt32 SQE.API.DTO.CatalogueMatchDTO::get_matchId()
FNDA:15018,System.UInt32 SQE.API.DTO.CatalogueMatchDTO::get_matchId()
DA:51,15018
FN:51,System.DateTime SQE.API.DTO.CatalogueMatchDTO::get_dateOfMatch()
FNDA:14996,System.DateTime SQE.API.DTO.CatalogueMatchDTO::get_dateOfMatch()
DA:52,14996
FN:52,System.Nullable`1<System.DateTime> SQE.API.DTO.CatalogueMatchDTO::get_dateOfConfirmation()
FNDA:14996,System.Nullable`1<System.DateTime> SQE.API.DTO.CatalogueMatchDTO::get_dateOfConfirmation()
DA:53,14996
FN:57,SQE.API.DTO.CatalogueMatchDTO[] SQE.API.DTO.CatalogueMatchListDTO::get_matches()
FNDA:131,SQE.API.DTO.CatalogueMatchDTO[] SQE.API.DTO.CatalogueMatchListDTO::get_matches()
DA:58,131
LF:31
LH:31
BRF:0
BRH:0
FNF:31
FNH:31
end_of_record
SF:/home/bronson/workspace/SQE_API/sqe-dto/Editions.cs
FN:10,System.UInt32 SQE.API.DTO.EditionDTO::get_id()
FNDA:31154,System.UInt32 SQE.API.DTO.EditionDTO::get_id()
DA:11,31154
FN:11,System.String SQE.API.DTO.EditionDTO::get_name()
FNDA:25499,System.String SQE.API.DTO.EditionDTO::get_name()
DA:12,25499
FN:12,System.UInt32 SQE.API.DTO.EditionDTO::get_editionDataEditorId()
FNDA:25462,System.UInt32 SQE.API.DTO.EditionDTO::get_editionDataEditorId()
DA:13,25462
FN:13,SQE.API.DTO.PermissionDTO SQE.API.DTO.EditionDTO::get_permission()
FNDA:25468,SQE.API.DTO.PermissionDTO SQE.API.DTO.EditionDTO::get_permission()
DA:14,25468
FN:14,SQE.API.DTO.UserDTO SQE.API.DTO.EditionDTO::get_owner()
FNDA:25460,SQE.API.DTO.UserDTO SQE.API.DTO.EditionDTO::get_owner()
DA:15,25460
FN:15,System.String SQE.API.DTO.EditionDTO::get_thumbnailUrl()
FNDA:25464,System.String SQE.API.DTO.EditionDTO::get_thumbnailUrl()
DA:16,25464
FN:16,System.Collections.Generic.List`1<SQE.API.DTO.DetailedEditorRightsDTO> SQE.API.DTO.EditionDTO::get_shares()
FNDA:33957,System.Collections.Generic.List`1<SQE.API.DTO.DetailedEditorRightsDTO> SQE.API.DTO.EditionDTO::get_shares()
DA:17,33957
FN:17,SQE.API.DTO.EditionManuscriptMetricsDTO SQE.API.DTO.EditionDTO::get_metrics()
FNDA:25465,SQE.API.DTO.EditionManuscriptMetricsDTO SQE.API.DTO.EditionDTO::get_metrics()
DA:18,25465
FN:18,System.Boolean SQE.API.DTO.EditionDTO::get_locked()
FNDA:25464,System.Boolean SQE.API.DTO.EditionDTO::get_locked()
DA:19,25464
FN:19,System.Boolean SQE.API.DTO.EditionDTO::get_isPublic()
FNDA:25464,System.Boolean SQE.API.DTO.EditionDTO::get_isPublic()
DA:20,25464
FN:20,System.Void SQE.API.DTO.EditionDTO::set_lastEdit(System.Nullable`1<System.DateTime>)
FNDA:25464,System.Void SQE.API.DTO.EditionDTO::set_lastEdit(System.Nullable`1<System.DateTime>)
DA:21,25464
FN:21,System.String SQE.API.DTO.EditionDTO::get_copyright()
FNDA:25464,System.String SQE.API.DTO.EditionDTO::get_copyright()
DA:22,25464
FN:26,SQE.API.DTO.EditionDTO SQE.API.DTO.EditionGroupDTO::get_primary()
FNDA:79,SQE.API.DTO.EditionDTO SQE.API.DTO.EditionGroupDTO::get_primary()
DA:27,79
FN:27,System.Collections.Generic.IEnumerable`1<SQE.API.DTO.EditionDTO> SQE.API.DTO.EditionGroupDTO::get_others()
FNDA:53,System.Collections.Generic.IEnumerable`1<SQE.API.DTO.EditionDTO> SQE.API.DTO.EditionGroupDTO::get_others()
DA:28,53
FN:32,System.Collections.Generic.List`1<System.Collections.Generic.List`1<SQE.API.DTO.EditionDTO>> SQE.API.DTO.EditionListDTO::get_editions()
FNDA:6877,System.Collections.Generic.List`1<System.Collections.Generic.List`1<SQE.API.DTO.EditionDTO>> SQE.API.DTO.EditionListDTO::get_editions()
DA:33,6877
FN:37,System.Boolean SQE.API.DTO.PermissionDTO::get_mayRead()
FNDA:51109,System.Boolean SQE.API.DTO.PermissionDTO::get_mayRead()
DA:38,51109
FN:38,System.Boolean SQE.API.DTO.PermissionDTO::get_mayWrite()
FNDA:51149,System.Boolean SQE.API.DTO.PermissionDTO::get_mayWrite()
DA:39,51149
FN:39,System.Boolean SQE.API.DTO.PermissionDTO::get_isAdmin()
FNDA:51149,System.Boolean SQE.API.DTO.PermissionDTO::get_isAdmin()
DA:40,51149
FN:44,System.Boolean SQE.API.DTO.UpdateEditorRightsDTO::get_mayLock()
FNDA:25686,System.Boolean SQE.API.DTO.UpdateEditorRightsDTO::get_mayLock()
DA:45,25686
FN:51,System.String SQE.API.DTO.InviteEditorDTO::get_email()
FNDA:67,System.String SQE.API.DTO.InviteEditorDTO::get_email()
DA:52,67
FN:58,System.String SQE.API.DTO.DetailedEditorRightsDTO::get_email()
FNDA:25552,System.String SQE.API.DTO.DetailedEditorRightsDTO::get_email()
DA:59,25552
FN:60,System.UInt32 SQE.API.DTO.DetailedEditorRightsDTO::get_editionId()
FNDA:25551,System.UInt32 SQE.API.DTO.DetailedEditorRightsDTO::get_editionId()
DA:61,25551
FN:65,System.UInt32 SQE.API.DTO.DetailedUpdateEditorRightsDTO::get_editionId()
FNDA:37,System.UInt32 SQE.API.DTO.DetailedUpdateEditorRightsDTO::get_editionId()
DA:66,37
FN:66,System.String SQE.API.DTO.DetailedUpdateEditorRightsDTO::get_editionName()
FNDA:33,System.String SQE.API.DTO.DetailedUpdateEditorRightsDTO::get_editionName()
DA:67,33
FN:67,System.DateTime SQE.API.DTO.DetailedUpdateEditorRightsDTO::get_date()
FNDA:37,System.DateTime SQE.API.DTO.DetailedUpdateEditorRightsDTO::get_date()
DA:68,37
FN:72,System.String SQE.API.DTO.AdminEditorRequestDTO::get_editorName()
FNDA:3,System.String SQE.API.DTO.AdminEditorRequestDTO::get_editorName()
DA:73,3
FN:73,System.String SQE.API.DTO.AdminEditorRequestDTO::get_editorEmail()
FNDA:4,System.String SQE.API.DTO.AdminEditorRequestDTO::get_editorEmail()
DA:74,4
FN:78,System.Guid SQE.API.DTO.EditorInvitationDTO::get_token()
FNDA:49,System.Guid SQE.API.DTO.EditorInvitationDTO::get_token()
DA:79,49
FN:79,System.String SQE.API.DTO.EditorInvitationDTO::get_requestingAdminName()
FNDA:30,System.String SQE.API.DTO.EditorInvitationDTO::get_requestingAdminName()
DA:80,30
FN:80,System.String SQE.API.DTO.EditorInvitationDTO::get_requestingAdminEmail()
FNDA:31,System.String SQE.API.DTO.EditorInvitationDTO::get_requestingAdminEmail()
DA:81,31
FN:85,System.Collections.Generic.List`1<SQE.API.DTO.EditorInvitationDTO> SQE.API.DTO.EditorInvitationListDTO::get_editorInvitations()
FNDA:6,System.Collections.Generic.List`1<SQE.API.DTO.EditorInvitationDTO> SQE.API.DTO.EditorInvitationListDTO::get_editorInvitations()
DA:86,6
FN:90,System.Collections.Generic.List`1<SQE.API.DTO.AdminEditorRequestDTO> SQE.API.DTO.AdminEditorRequestListDTO::get_editorRequests()
FNDA:6,System.Collections.Generic.List`1<SQE.API.DTO.AdminEditorRequestDTO> SQE.API.DTO.AdminEditorRequestListDTO::get_editorRequests()
DA:91,6
FN:95,System.UInt32 SQE.API.DTO.TextEditionDTO::get_manuscriptId()
FNDA:81,System.UInt32 SQE.API.DTO.TextEditionDTO::get_manuscriptId()
DA:96,81
FN:96,System.String SQE.API.DTO.TextEditionDTO::get_editionName()
FNDA:80,System.String SQE.API.DTO.TextEditionDTO::get_editionName()
DA:97,80
FN:97,System.UInt32 SQE.API.DTO.TextEditionDTO::get_editorId()
FNDA:81,System.UInt32 SQE.API.DTO.TextEditionDTO::get_editorId()
DA:98,81
FN:98,System.String SQE.API.DTO.TextEditionDTO::get_licence()
FNDA:81,System.String SQE.API.DTO.TextEditionDTO::get_licence()
DA:99,81
FN:99,System.Collections.Generic.Dictionary`2<System.String,SQE.API.DTO.EditorDTO> SQE.API.DTO.TextEditionDTO::get_editors()
FNDA:2726,System.Collections.Generic.Dictionary`2<System.String,SQE.API.DTO.EditorDTO> SQE.API.DTO.TextEditionDTO::get_editors()
DA:100,2726
FN:100,System.Collections.Generic.List`1<SQE.API.DTO.TextFragmentDTO> SQE.API.DTO.TextEditionDTO::get_textFragments()
FNDA:149,System.Collections.Generic.List`1<SQE.API.DTO.TextFragmentDTO> SQE.API.DTO.TextEditionDTO::get_textFragments()
DA:101,149
FN:105,System.UInt32 SQE.API.DTO.DeleteTokenDTO::get_editionId()
FNDA:253,System.UInt32 SQE.API.DTO.DeleteTokenDTO::get_editionId()
DA:106,253
FN:106,System.String SQE.API.DTO.DeleteTokenDTO::get_token()
FNDA:320,System.String SQE.API.DTO.DeleteTokenDTO::get_token()
DA:107,320
FN:111,System.UInt32 SQE.API.DTO.DeleteEditionEntityDTO::get_entityId()
FNDA:0,System.UInt32 SQE.API.DTO.DeleteEditionEntityDTO::get_entityId()
DA:112,0
FN:112,System.UInt32 SQE.API.DTO.DeleteEditionEntityDTO::get_editorId()
FNDA:0,System.UInt32 SQE.API.DTO.DeleteEditionEntityDTO::get_editorId()
DA:113,0
FN:117,System.String SQE.API.DTO.CommentaryCreateDTO::get_commentary()
FNDA:44,System.String SQE.API.DTO.CommentaryCreateDTO::get_commentary()
DA:118,44
FN:122,System.UInt32 SQE.API.DTO.CommentaryDTO::get_creatorId()
FNDA:28,System.UInt32 SQE.API.DTO.CommentaryDTO::get_creatorId()
DA:123,28
FN:123,System.UInt32 SQE.API.DTO.CommentaryDTO::get_editorId()
FNDA:28,System.UInt32 SQE.API.DTO.CommentaryDTO::get_editorId()
DA:124,28
FN:164,SQE.API.DTO.EditionEntities SQE.API.DTO.DeleteDTO::get_entity()
FNDA:49,SQE.API.DTO.EditionEntities SQE.API.DTO.DeleteDTO::get_entity()
DA:165,49
FN:166,System.Collections.Generic.List`1<System.UInt32> SQE.API.DTO.DeleteDTO::get_ids()
FNDA:64,System.Collections.Generic.List`1<System.UInt32> SQE.API.DTO.DeleteDTO::get_ids()
DA:167,64
FN:146,System.Void SQE.API.DTO.DeleteDTO::.ctor(SQE.API.DTO.EditionEntities,System.Collections.Generic.List`1<System.UInt32>)
FNDA:2,System.Void SQE.API.DTO.DeleteDTO::.ctor(SQE.API.DTO.EditionEntities,System.Collections.Generic.List`1<System.UInt32>)
DA:147,2
DA:148,2
DA:149,2
DA:150,2
DA:151,2
FN:152,System.Void SQE.API.DTO.DeleteDTO::.ctor(SQE.API.DTO.EditionEntities,System.UInt32)
FNDA:9,System.Void SQE.API.DTO.DeleteDTO::.ctor(SQE.API.DTO.EditionEntities,System.UInt32)
DA:153,9
DA:154,9
DA:155,9
DA:156,9
DA:157,9
FN:158,System.Void SQE.API.DTO.DeleteDTO::.ctor()
FNDA:13,System.Void SQE.API.DTO.DeleteDTO::.ctor()
DA:159,13
DA:160,13
DA:161,13
FN:205,SQE.API.DTO.UpdateEditionManuscriptMetricsDTO SQE.API.DTO.EditionUpdateRequestDTO::get_metrics()
FNDA:21,SQE.API.DTO.UpdateEditionManuscriptMetricsDTO SQE.API.DTO.EditionUpdateRequestDTO::get_metrics()
DA:206,21
FN:187,System.Void SQE.API.DTO.EditionUpdateRequestDTO::.ctor(System.String,System.String,System.String,SQE.API.DTO.UpdateEditionManuscriptMetricsDTO)
FNDA:5,System.Void SQE.API.DTO.EditionUpdateRequestDTO::.ctor(System.String,System.String,System.String,SQE.API.DTO.UpdateEditionManuscriptMetricsDTO)
DA:188,5
DA:189,5
DA:190,5
DA:191,5
DA:192,5
DA:193,5
DA:194,5
DA:195,5
FN:196,System.Void SQE.API.DTO.EditionUpdateRequestDTO::.ctor()
FNDA:3,System.Void SQE.API.DTO.EditionUpdateRequestDTO::.ctor()
DA:197,3
DA:198,3
DA:199,3
FN:200,System.Void SQE.API.DTO.EditionUpdateRequestDTO::.ctor(SQE.API.DTO.EditionCopyDTO)
FNDA:0,System.Void SQE.API.DTO.EditionUpdateRequestDTO::.ctor(SQE.API.DTO.EditionCopyDTO)
DA:201,0
DA:202,0
DA:203,0
DA:204,0
FN:227,System.String SQE.API.DTO.EditionCopyDTO::get_name()
FNDA:447,System.String SQE.API.DTO.EditionCopyDTO::get_name()
DA:228,447
FN:229,System.String SQE.API.DTO.EditionCopyDTO::get_copyrightHolder()
FNDA:443,System.String SQE.API.DTO.EditionCopyDTO::get_copyrightHolder()
DA:230,443
FN:230,System.String SQE.API.DTO.EditionCopyDTO::get_collaborators()
FNDA:443,System.String SQE.API.DTO.EditionCopyDTO::get_collaborators()
DA:231,443
FN:210,System.Void SQE.API.DTO.EditionCopyDTO::.ctor(System.String,System.String,System.String)
FNDA:145,System.Void SQE.API.DTO.EditionCopyDTO::.ctor(System.String,System.String,System.String)
DA:211,145
DA:212,145
DA:213,145
DA:214,145
DA:215,145
DA:216,145
FN:217,System.Void SQE.API.DTO.EditionCopyDTO::.ctor()
FNDA:76,System.Void SQE.API.DTO.EditionCopyDTO::.ctor()
DA:218,76
DA:219,76
DA:220,76
FN:235,System.UInt32 SQE.API.DTO.UpdateEditionManuscriptMetricsDTO::get_width()
FNDA:25467,System.UInt32 SQE.API.DTO.UpdateEditionManuscriptMetricsDTO::get_width()
DA:236,25467
FN:236,System.UInt32 SQE.API.DTO.UpdateEditionManuscriptMetricsDTO::get_height()
FNDA:25467,System.UInt32 SQE.API.DTO.UpdateEditionManuscriptMetricsDTO::get_height()
DA:237,25467
FN:237,System.Int32 SQE.API.DTO.UpdateEditionManuscriptMetricsDTO::get_xOrigin()
FNDA:25468,System.Int32 SQE.API.DTO.UpdateEditionManuscriptMetricsDTO::get_xOrigin()
DA:238,25468
FN:238,System.Int32 SQE.API.DTO.UpdateEditionManuscriptMetricsDTO::get_yOrigin()
FNDA:25467,System.Int32 SQE.API.DTO.UpdateEditionManuscriptMetricsDTO::get_yOrigin()
DA:239,25467
FN:243,System.UInt32 SQE.API.DTO.EditionManuscriptMetricsDTO::get_ppi()
FNDA:25461,System.UInt32 SQE.API.DTO.EditionManuscriptMetricsDTO::get_ppi()
DA:244,25461
FN:244,System.UInt32 SQE.API.DTO.EditionManuscriptMetricsDTO::get_editorId()
FNDA:25460,System.UInt32 SQE.API.DTO.EditionManuscriptMetricsDTO::get_editorId()
DA:245,25460
LF:94
LH:88
BRF:0
BRH:0
FNF:65
FNH:62
end_of_record
SF:/home/bronson/workspace/SQE_API/sqe-dto/Image.cs
FN:21,System.UInt32 SQE.API.DTO.SimpleImageDTO::get_id()
FNDA:9772,System.UInt32 SQE.API.DTO.SimpleImageDTO::get_id()
DA:22,9772
FN:22,System.String SQE.API.DTO.SimpleImageDTO::get_url()
FNDA:9772,System.String SQE.API.DTO.SimpleImageDTO::get_url()
DA:23,9772
FN:26,SQE.API.DTO.SimpleImageDTO/Lighting SQE.API.DTO.SimpleImageDTO::get_lightingType()
FNDA:9772,SQE.API.DTO.SimpleImageDTO/Lighting SQE.API.DTO.SimpleImageDTO::get_lightingType()
DA:27,9772
FN:30,SQE.API.DTO.SimpleImageDTO/Direction SQE.API.DTO.SimpleImageDTO::get_lightingDirection()
FNDA:9772,SQE.API.DTO.SimpleImageDTO/Direction SQE.API.DTO.SimpleImageDTO::get_lightingDirection()
DA:31,9772
FN:32,System.String[] SQE.API.DTO.SimpleImageDTO::get_waveLength()
FNDA:14660,System.String[] SQE.API.DTO.SimpleImageDTO::get_waveLength()
DA:33,14660
FN:33,System.String SQE.API.DTO.SimpleImageDTO::get_type()
FNDA:9772,System.String SQE.API.DTO.SimpleImageDTO::get_type()
DA:34,9772
FN:35,SQE.API.DTO.SideDesignation SQE.API.DTO.SimpleImageDTO::get_side()
FNDA:12880,SQE.API.DTO.SideDesignation SQE.API.DTO.SimpleImageDTO::get_side()
DA:36,12880
FN:36,System.UInt32 SQE.API.DTO.SimpleImageDTO::get_ppi()
FNDA:9772,System.UInt32 SQE.API.DTO.SimpleImageDTO::get_ppi()
DA:37,9772
FN:37,System.Boolean SQE.API.DTO.SimpleImageDTO::get_master()
FNDA:12880,System.Boolean SQE.API.DTO.SimpleImageDTO::get_master()
DA:38,12880
FN:38,System.UInt32 SQE.API.DTO.SimpleImageDTO::get_catalogNumber()
FNDA:12880,System.UInt32 SQE.API.DTO.SimpleImageDTO::get_catalogNumber()
DA:39,12880
FN:43,System.Nullable`1<System.UInt32> SQE.API.DTO.ImageDTO::get_imageToImageMapEditorId()
FNDA:9692,System.Nullable`1<System.UInt32> SQE.API.DTO.ImageDTO::get_imageToImageMapEditorId()
DA:44,9692
FN:44,System.String SQE.API.DTO.ImageDTO::get_regionInMasterImage()
FNDA:9692,System.String SQE.API.DTO.ImageDTO::get_regionInMasterImage()
DA:45,9692
FN:45,System.String SQE.API.DTO.ImageDTO::get_regionInImage()
FNDA:9692,System.String SQE.API.DTO.ImageDTO::get_regionInImage()
DA:46,9692
FN:46,System.String SQE.API.DTO.ImageDTO::get_transformToMaster()
FNDA:9692,System.String SQE.API.DTO.ImageDTO::get_transformToMaster()
DA:47,9692
FN:51,SQE.API.DTO.SimpleImageDTO[] SQE.API.DTO.SimpleImageListDTO::get_images()
FNDA:16,SQE.API.DTO.SimpleImageDTO[] SQE.API.DTO.SimpleImageListDTO::get_images()
DA:52,16
FN:63,System.String SQE.API.DTO.ImageInstitutionDTO::get_name()
FNDA:16,System.String SQE.API.DTO.ImageInstitutionDTO::get_name()
DA:64,16
FN:56,System.Void SQE.API.DTO.ImageInstitutionDTO::.ctor(System.String)
FNDA:8,System.Void SQE.API.DTO.ImageInstitutionDTO::.ctor(System.String)
DA:57,8
DA:58,8
DA:59,8
DA:60,8
FN:61,System.Void SQE.API.DTO.ImageInstitutionDTO::.ctor()
FNDA:12,System.Void SQE.API.DTO.ImageInstitutionDTO::.ctor()
DA:62,12
FN:75,System.Collections.Generic.List`1<SQE.API.DTO.ImageInstitutionDTO> SQE.API.DTO.ImageInstitutionListDTO::get_institutions()
FNDA:9,System.Collections.Generic.List`1<SQE.API.DTO.ImageInstitutionDTO> SQE.API.DTO.ImageInstitutionListDTO::get_institutions()
DA:76,9
FN:68,System.Void SQE.API.DTO.ImageInstitutionListDTO::.ctor(System.Collections.Generic.List`1<SQE.API.DTO.ImageInstitutionDTO>)
FNDA:2,System.Void SQE.API.DTO.ImageInstitutionListDTO::.ctor(System.Collections.Generic.List`1<SQE.API.DTO.ImageInstitutionDTO>)
DA:69,2
DA:70,2
DA:71,2
DA:72,2
FN:73,System.Void SQE.API.DTO.ImageInstitutionListDTO::.ctor()
FNDA:3,System.Void SQE.API.DTO.ImageInstitutionListDTO::.ctor()
DA:74,3
FN:80,System.String SQE.API.DTO.InstitutionalImageDTO::get_id()
FNDA:2888432,System.String SQE.API.DTO.InstitutionalImageDTO::get_id()
DA:81,2888432
FN:81,System.String SQE.API.DTO.InstitutionalImageDTO::get_thumbnailUrl()
FNDA:2888430,System.String SQE.API.DTO.InstitutionalImageDTO::get_thumbnailUrl()
DA:82,2888430
FN:82,System.String SQE.API.DTO.InstitutionalImageDTO::get_license()
FNDA:2888430,System.String SQE.API.DTO.InstitutionalImageDTO::get_license()
DA:83,2888430
FN:87,System.Collections.Generic.List`1<SQE.API.DTO.InstitutionalImageDTO> SQE.API.DTO.InstitutionalImageListDTO::get_institutionalImages()
FNDA:577718,System.Collections.Generic.List`1<SQE.API.DTO.InstitutionalImageDTO> SQE.API.DTO.InstitutionalImageListDTO::get_institutionalImages()
DA:88,577718
LF:31
LH:31
BRF:0
BRH:0
FNF:25
FNH:25
end_of_record
SF:/home/bronson/workspace/SQE_API/sqe-dto/ImagedObject.cs
FN:7,System.Nullable`1<System.UInt32> SQE.API.DTO.ImageStackDTO::get_id()
FNDA:1775,System.Nullable`1<System.UInt32> SQE.API.DTO.ImageStackDTO::get_id()
DA:8,1775
FN:8,System.Collections.Generic.List`1<SQE.API.DTO.ImageDTO> SQE.API.DTO.ImageStackDTO::get_images()
FNDA:4203,System.Collections.Generic.List`1<SQE.API.DTO.ImageDTO> SQE.API.DTO.ImageStackDTO::get_images()
DA:9,4203
FN:9,System.Nullable`1<System.Int32> SQE.API.DTO.ImageStackDTO::get_masterIndex()
FNDA:1775,System.Nullable`1<System.Int32> SQE.API.DTO.ImageStackDTO::get_masterIndex()
DA:10,1775
FN:14,System.String SQE.API.DTO.ImagedObjectDTO::get_id()
FNDA:1119,System.String SQE.API.DTO.ImagedObjectDTO::get_id()
DA:15,1119
FN:15,SQE.API.DTO.ImageStackDTO SQE.API.DTO.ImagedObjectDTO::get_recto()
FNDA:987,SQE.API.DTO.ImageStackDTO SQE.API.DTO.ImagedObjectDTO::get_recto()
DA:16,987
FN:16,SQE.API.DTO.ImageStackDTO SQE.API.DTO.ImagedObjectDTO::get_verso()
FNDA:987,SQE.API.DTO.ImageStackDTO SQE.API.DTO.ImagedObjectDTO::get_verso()
DA:17,987
FN:17,System.Collections.Generic.List`1<SQE.API.DTO.ArtefactDTO> SQE.API.DTO.ImagedObjectDTO::get_artefacts()
FNDA:905,System.Collections.Generic.List`1<SQE.API.DTO.ArtefactDTO> SQE.API.DTO.ImagedObjectDTO::get_artefacts()
DA:18,905
FN:22,System.Collections.Generic.List`1<SQE.API.DTO.ImagedObjectDTO> SQE.API.DTO.ImagedObjectListDTO::get_imagedObjects()
FNDA:507,System.Collections.Generic.List`1<SQE.API.DTO.ImagedObjectDTO> SQE.API.DTO.ImagedObjectListDTO::get_imagedObjects()
DA:23,507
LF:8
LH:8
BRF:0
BRH:0
FNF:8
FNH:8
end_of_record
SF:/home/bronson/workspace/SQE_API/sqe-dto/Polygon.cs
FN:6,System.String SQE.API.DTO.WktPolygonDTO::get_wktPolygon()
FNDA:40,System.String SQE.API.DTO.WktPolygonDTO::get_wktPolygon()
DA:7,40
LF:1
LH:1
BRF:0
BRH:0
FNF:1
FNH:1
end_of_record
SF:/home/bronson/workspace/SQE_API/sqe-dto/Roi.cs
FN:7,System.UInt32 SQE.API.DTO.SetInterpretationRoiDTO::get_artefactId()
FNDA:572,System.UInt32 SQE.API.DTO.SetInterpretationRoiDTO::get_artefactId()
DA:8,572
FN:9,System.UInt32 SQE.API.DTO.SetInterpretationRoiDTO::get_signInterpretationId()
FNDA:578,System.UInt32 SQE.API.DTO.SetInterpretationRoiDTO::get_signInterpretationId()
DA:10,578
FN:11,System.String SQE.API.DTO.SetInterpretationRoiDTO::get_shape()
FNDA:572,System.String SQE.API.DTO.SetInterpretationRoiDTO::get_shape()
DA:12,572
FN:13,SQE.API.DTO.TranslateDTO SQE.API.DTO.SetInterpretationRoiDTO::get_translate()
FNDA:604,SQE.API.DTO.TranslateDTO SQE.API.DTO.SetInterpretationRoiDTO::get_translate()
DA:14,604
FN:15,System.UInt16 SQE.API.DTO.SetInterpretationRoiDTO::get_stanceRotation()
FNDA:570,System.UInt16 SQE.API.DTO.SetInterpretationRoiDTO::get_stanceRotation()
DA:16,570
FN:17,System.Boolean SQE.API.DTO.SetInterpretationRoiDTO::get_exceptional()
FNDA:566,System.Boolean SQE.API.DTO.SetInterpretationRoiDTO::get_exceptional()
DA:18,566
FN:19,System.Boolean SQE.API.DTO.SetInterpretationRoiDTO::get_valuesSet()
FNDA:566,System.Boolean SQE.API.DTO.SetInterpretationRoiDTO::get_valuesSet()
DA:20,566
FN:26,System.UInt32 SQE.API.DTO.UpdateInterpretationRoiDTO::get_interpretationRoiId()
FNDA:419,System.UInt32 SQE.API.DTO.UpdateInterpretationRoiDTO::get_interpretationRoiId()
DA:27,419
FN:32,System.UInt32 SQE.API.DTO.InterpretationRoiDTO::get_creatorId()
FNDA:350,System.UInt32 SQE.API.DTO.InterpretationRoiDTO::get_creatorId()
DA:33,350
FN:34,System.UInt32 SQE.API.DTO.InterpretationRoiDTO::get_editorId()
FNDA:350,System.UInt32 SQE.API.DTO.InterpretationRoiDTO::get_editorId()
DA:35,350
FN:39,System.UInt32 SQE.API.DTO.UpdatedInterpretationRoiDTO::get_oldInterpretationRoiId()
FNDA:46,System.UInt32 SQE.API.DTO.UpdatedInterpretationRoiDTO::get_oldInterpretationRoiId()
DA:40,46
FN:44,System.Collections.Generic.List`1<SQE.API.DTO.SetInterpretationRoiDTO> SQE.API.DTO.SetInterpretationRoiDTOList::get_rois()
FNDA:57,System.Collections.Generic.List`1<SQE.API.DTO.SetInterpretationRoiDTO> SQE.API.DTO.SetInterpretationRoiDTOList::get_rois()
DA:45,57
FN:49,System.Collections.Generic.List`1<SQE.API.DTO.InterpretationRoiDTO> SQE.API.DTO.InterpretationRoiDTOList::get_rois()
FNDA:233,System.Collections.Generic.List`1<SQE.API.DTO.InterpretationRoiDTO> SQE.API.DTO.InterpretationRoiDTOList::get_rois()
DA:50,233
FN:54,System.Collections.Generic.List`1<SQE.API.DTO.UpdateInterpretationRoiDTO> SQE.API.DTO.UpdateInterpretationRoiDTOList::get_rois()
FNDA:13,System.Collections.Generic.List`1<SQE.API.DTO.UpdateInterpretationRoiDTO> SQE.API.DTO.UpdateInterpretationRoiDTOList::get_rois()
DA:55,13
FN:59,System.Collections.Generic.List`1<SQE.API.DTO.UpdatedInterpretationRoiDTO> SQE.API.DTO.UpdatedInterpretationRoiDTOList::get_rois()
FNDA:28,System.Collections.Generic.List`1<SQE.API.DTO.UpdatedInterpretationRoiDTO> SQE.API.DTO.UpdatedInterpretationRoiDTOList::get_rois()
DA:60,28
FN:64,System.Collections.Generic.List`1<SQE.API.DTO.SetInterpretationRoiDTO> SQE.API.DTO.BatchEditRoiDTO::get_createRois()
FNDA:11,System.Collections.Generic.List`1<SQE.API.DTO.SetInterpretationRoiDTO> SQE.API.DTO.BatchEditRoiDTO::get_createRois()
DA:65,11
FN:65,System.Collections.Generic.List`1<SQE.API.DTO.UpdateInterpretationRoiDTO> SQE.API.DTO.BatchEditRoiDTO::get_updateRois()
FNDA:11,System.Collections.Generic.List`1<SQE.API.DTO.UpdateInterpretationRoiDTO> SQE.API.DTO.BatchEditRoiDTO::get_updateRois()
DA:66,11
FN:66,System.Collections.Generic.List`1<System.UInt32> SQE.API.DTO.BatchEditRoiDTO::get_deleteRois()
FNDA:11,System.Collections.Generic.List`1<System.UInt32> SQE.API.DTO.BatchEditRoiDTO::get_deleteRois()
DA:67,11
FN:71,System.Collections.Generic.List`1<SQE.API.DTO.InterpretationRoiDTO> SQE.API.DTO.BatchEditRoiResponseDTO::get_createRois()
FNDA:32,System.Collections.Generic.List`1<SQE.API.DTO.InterpretationRoiDTO> SQE.API.DTO.BatchEditRoiResponseDTO::get_createRois()
DA:72,32
FN:73,System.Collections.Generic.List`1<SQE.API.DTO.UpdatedInterpretationRoiDTO> SQE.API.DTO.BatchEditRoiResponseDTO::get_updateRois()
FNDA:34,System.Collections.Generic.List`1<SQE.API.DTO.UpdatedInterpretationRoiDTO> SQE.API.DTO.BatchEditRoiResponseDTO::get_updateRois()
DA:74,34
FN:75,System.Collections.Generic.List`1<System.UInt32> SQE.API.DTO.BatchEditRoiResponseDTO::get_deleteRois()
FNDA:26,System.Collections.Generic.List`1<System.UInt32> SQE.API.DTO.BatchEditRoiResponseDTO::get_deleteRois()
DA:76,26
LF:21
LH:21
BRF:0
BRH:0
FNF:21
FNH:21
end_of_record
SF:/home/bronson/workspace/SQE_API/sqe-dto/Sign.cs
FN:7,System.Collections.Generic.List`1<SQE.API.DTO.SignInterpretationDTO> SQE.API.DTO.SignDTO::get_signInterpretations()
FNDA:38831,System.Collections.Generic.List`1<SQE.API.DTO.SignInterpretationDTO> SQE.API.DTO.SignDTO::get_signInterpretations()
DA:8,38831
FN:12,System.UInt32 SQE.API.DTO.NextSignInterpretationDTO::get_nextSignInterpretationId()
FNDA:28712,System.UInt32 SQE.API.DTO.NextSignInterpretationDTO::get_nextSignInterpretationId()
DA:13,28712
FN:13,System.UInt32 SQE.API.DTO.NextSignInterpretationDTO::get_creatorId()
FNDA:28695,System.UInt32 SQE.API.DTO.NextSignInterpretationDTO::get_creatorId()
DA:14,28695
FN:14,System.UInt32 SQE.API.DTO.NextSignInterpretationDTO::get_editorId()
FNDA:29684,System.UInt32 SQE.API.DTO.NextSignInterpretationDTO::get_editorId()
DA:15,29684
FN:19,System.String SQE.API.DTO.SignInterpretationBaseDTO::get_character()
FNDA:28708,System.String SQE.API.DTO.SignInterpretationBaseDTO::get_character()
DA:20,28708
FN:20,System.Boolean SQE.API.DTO.SignInterpretationBaseDTO::get_isVariant()
FNDA:19833,System.Boolean SQE.API.DTO.SignInterpretationBaseDTO::get_isVariant()
DA:21,19833
FN:25,System.UInt32 SQE.API.DTO.SignInterpretationCreateDTO::get_lineId()
FNDA:5,System.UInt32 SQE.API.DTO.SignInterpretationCreateDTO::get_lineId()
DA:26,5
FN:26,System.UInt32[] SQE.API.DTO.SignInterpretationCreateDTO::get_previousSignInterpretationIds()
FNDA:8,System.UInt32[] SQE.API.DTO.SignInterpretationCreateDTO::get_previousSignInterpretationIds()
DA:27,8
FN:27,System.UInt32[] SQE.API.DTO.SignInterpretationCreateDTO::get_nextSignInterpretationIds()
FNDA:7,System.UInt32[] SQE.API.DTO.SignInterpretationCreateDTO::get_nextSignInterpretationIds()
DA:28,7
FN:28,SQE.API.DTO.InterpretationAttributeCreateDTO[] SQE.API.DTO.SignInterpretationCreateDTO::get_attributes()
FNDA:8,SQE.API.DTO.InterpretationAttributeCreateDTO[] SQE.API.DTO.SignInterpretationCreateDTO::get_attributes()
DA:29,8
FN:29,SQE.API.DTO.SetInterpretationRoiDTO[] SQE.API.DTO.SignInterpretationCreateDTO::get_rois()
FNDA:7,SQE.API.DTO.SetInterpretationRoiDTO[] SQE.API.DTO.SignInterpretationCreateDTO::get_rois()
DA:30,7
FN:30,SQE.API.DTO.CommentaryCreateDTO SQE.API.DTO.SignInterpretationCreateDTO::get_commentary()
FNDA:7,SQE.API.DTO.CommentaryCreateDTO SQE.API.DTO.SignInterpretationCreateDTO::get_commentary()
DA:31,7
FN:31,System.Boolean SQE.API.DTO.SignInterpretationCreateDTO::get_breakPreviousAndNextSignInterpretations()
FNDA:6,System.Boolean SQE.API.DTO.SignInterpretationCreateDTO::get_breakPreviousAndNextSignInterpretations()
DA:32,6
FN:36,System.UInt32 SQE.API.DTO.SignInterpretationDTO::get_signInterpretationId()
FNDA:28854,System.UInt32 SQE.API.DTO.SignInterpretationDTO::get_signInterpretationId()
DA:37,28854
FN:37,SQE.API.DTO.NextSignInterpretationDTO[] SQE.API.DTO.SignInterpretationDTO::get_nextSignInterpretations()
FNDA:47446,SQE.API.DTO.NextSignInterpretationDTO[] SQE.API.DTO.SignInterpretationDTO::get_nextSignInterpretations()
DA:38,47446
FN:38,SQE.API.DTO.InterpretationAttributeDTO[] SQE.API.DTO.SignInterpretationDTO::get_attributes()
FNDA:47528,SQE.API.DTO.InterpretationAttributeDTO[] SQE.API.DTO.SignInterpretationDTO::get_attributes()
DA:39,47528
FN:39,SQE.API.DTO.InterpretationRoiDTO[] SQE.API.DTO.SignInterpretationDTO::get_rois()
FNDA:47446,SQE.API.DTO.InterpretationRoiDTO[] SQE.API.DTO.SignInterpretationDTO::get_rois()
DA:40,47446
FN:40,SQE.API.DTO.CommentaryDTO SQE.API.DTO.SignInterpretationDTO::get_commentary()
FNDA:19826,SQE.API.DTO.CommentaryDTO SQE.API.DTO.SignInterpretationDTO::get_commentary()
DA:41,19826
FN:45,SQE.API.DTO.SignInterpretationDTO[] SQE.API.DTO.SignInterpretationListDTO::get_signInterpretations()
FNDA:15,SQE.API.DTO.SignInterpretationDTO[] SQE.API.DTO.SignInterpretationListDTO::get_signInterpretations()
DA:46,15
FN:50,System.Nullable`1<System.Byte> SQE.API.DTO.InterpretationAttributeBaseDTO::get_sequence()
FNDA:46221,System.Nullable`1<System.Byte> SQE.API.DTO.InterpretationAttributeBaseDTO::get_sequence()
DA:51,46221
FN:51,System.UInt32 SQE.API.DTO.InterpretationAttributeBaseDTO::get_attributeId()
FNDA:46071,System.UInt32 SQE.API.DTO.InterpretationAttributeBaseDTO::get_attributeId()
DA:52,46071
FN:52,System.UInt32 SQE.API.DTO.InterpretationAttributeBaseDTO::get_attributeValueId()
FNDA:46396,System.UInt32 SQE.API.DTO.InterpretationAttributeBaseDTO::get_attributeValueId()
DA:53,46396
FN:53,System.Nullable`1<System.Single> SQE.API.DTO.InterpretationAttributeBaseDTO::get_value()
FNDA:46215,System.Nullable`1<System.Single> SQE.API.DTO.InterpretationAttributeBaseDTO::get_value()
DA:54,46215
FN:58,System.String SQE.API.DTO.InterpretationAttributeCreateDTO::get_commentary()
FNDA:25,System.String SQE.API.DTO.InterpretationAttributeCreateDTO::get_commentary()
DA:59,25
FN:63,System.UInt32 SQE.API.DTO.InterpretationAttributeDTO::get_interpretationAttributeId()
FNDA:46189,System.UInt32 SQE.API.DTO.InterpretationAttributeDTO::get_interpretationAttributeId()
DA:64,46189
FN:64,System.String SQE.API.DTO.InterpretationAttributeDTO::get_attributeValueString()
FNDA:46199,System.String SQE.API.DTO.InterpretationAttributeDTO::get_attributeValueString()
DA:65,46199
FN:65,System.UInt32 SQE.API.DTO.InterpretationAttributeDTO::get_creatorId()
FNDA:46045,System.UInt32 SQE.API.DTO.InterpretationAttributeDTO::get_creatorId()
DA:66,46045
FN:66,System.UInt32 SQE.API.DTO.InterpretationAttributeDTO::get_editorId()
FNDA:47916,System.UInt32 SQE.API.DTO.InterpretationAttributeDTO::get_editorId()
DA:67,47916
FN:67,SQE.API.DTO.CommentaryDTO SQE.API.DTO.InterpretationAttributeDTO::get_commentary()
FNDA:32048,SQE.API.DTO.CommentaryDTO SQE.API.DTO.InterpretationAttributeDTO::get_commentary()
DA:68,32048
FN:72,System.Collections.Generic.List`1<SQE.API.DTO.InterpretationAttributeCreateDTO> SQE.API.DTO.InterpretationAttributeCreateListDTO::get_attributes()
FNDA:0,System.Collections.Generic.List`1<SQE.API.DTO.InterpretationAttributeCreateDTO> SQE.API.DTO.InterpretationAttributeCreateListDTO::get_attributes()
DA:73,0
FN:77,System.Collections.Generic.List`1<SQE.API.DTO.InterpretationAttributeDTO> SQE.API.DTO.InterpretationAttributeListDTO::get_attributes()
FNDA:0,System.Collections.Generic.List`1<SQE.API.DTO.InterpretationAttributeDTO> SQE.API.DTO.InterpretationAttributeListDTO::get_attributes()
DA:78,0
FN:82,System.String SQE.API.DTO.CreateAttributeValueDTO::get_value()
FNDA:2614,System.String SQE.API.DTO.CreateAttributeValueDTO::get_value()
DA:83,2614
FN:83,System.String SQE.API.DTO.CreateAttributeValueDTO::get_description()
FNDA:2630,System.String SQE.API.DTO.CreateAttributeValueDTO::get_description()
DA:84,2630
FN:84,System.String SQE.API.DTO.CreateAttributeValueDTO::get_cssDirectives()
FNDA:2613,System.String SQE.API.DTO.CreateAttributeValueDTO::get_cssDirectives()
DA:85,2613
FN:89,System.UInt32 SQE.API.DTO.UpdateAttributeValueDTO::get_id()
FNDA:2620,System.UInt32 SQE.API.DTO.UpdateAttributeValueDTO::get_id()
DA:90,2620
FN:94,System.UInt32 SQE.API.DTO.AttributeValueDTO::get_creatorId()
FNDA:2593,System.UInt32 SQE.API.DTO.AttributeValueDTO::get_creatorId()
DA:95,2593
FN:95,System.UInt32 SQE.API.DTO.AttributeValueDTO::get_editorId()
FNDA:2593,System.UInt32 SQE.API.DTO.AttributeValueDTO::get_editorId()
DA:96,2593
FN:100,System.String SQE.API.DTO.AttributeBaseDTO::get_description()
FNDA:547,System.String SQE.API.DTO.AttributeBaseDTO::get_description()
DA:101,547
FN:105,System.String SQE.API.DTO.CreateAttributeDTO::get_attributeName()
FNDA:25,System.String SQE.API.DTO.CreateAttributeDTO::get_attributeName()
DA:106,25
FN:106,SQE.API.DTO.CreateAttributeValueDTO[] SQE.API.DTO.CreateAttributeDTO::get_values()
FNDA:7,SQE.API.DTO.CreateAttributeValueDTO[] SQE.API.DTO.CreateAttributeDTO::get_values()
DA:107,7
FN:111,SQE.API.DTO.CreateAttributeValueDTO[] SQE.API.DTO.UpdateAttributeDTO::get_createValues()
FNDA:18,SQE.API.DTO.CreateAttributeValueDTO[] SQE.API.DTO.UpdateAttributeDTO::get_createValues()
DA:112,18
FN:112,SQE.API.DTO.UpdateAttributeValueDTO[] SQE.API.DTO.UpdateAttributeDTO::get_updateValues()
FNDA:10,SQE.API.DTO.UpdateAttributeValueDTO[] SQE.API.DTO.UpdateAttributeDTO::get_updateValues()
DA:113,10
FN:113,System.UInt32[] SQE.API.DTO.UpdateAttributeDTO::get_deleteValues()
FNDA:7,System.UInt32[] SQE.API.DTO.UpdateAttributeDTO::get_deleteValues()
DA:114,7
FN:118,System.UInt32 SQE.API.DTO.AttributeDTO::get_attributeId()
FNDA:553,System.UInt32 SQE.API.DTO.AttributeDTO::get_attributeId()
DA:119,553
FN:119,System.String SQE.API.DTO.AttributeDTO::get_attributeName()
FNDA:559,System.String SQE.API.DTO.AttributeDTO::get_attributeName()
DA:120,559
FN:120,SQE.API.DTO.AttributeValueDTO[] SQE.API.DTO.AttributeDTO::get_values()
FNDA:810,SQE.API.DTO.AttributeValueDTO[] SQE.API.DTO.AttributeDTO::get_values()
DA:121,810
FN:121,System.UInt32 SQE.API.DTO.AttributeDTO::get_creatorId()
FNDA:539,System.UInt32 SQE.API.DTO.AttributeDTO::get_creatorId()
DA:122,539
FN:122,System.UInt32 SQE.API.DTO.AttributeDTO::get_editorId()
FNDA:539,System.UInt32 SQE.API.DTO.AttributeDTO::get_editorId()
DA:123,539
FN:127,SQE.API.DTO.AttributeDTO[] SQE.API.DTO.AttributeListDTO::get_attributes()
FNDA:115,SQE.API.DTO.AttributeDTO[] SQE.API.DTO.AttributeListDTO::get_attributes()
DA:128,115
LF:49
LH:47
BRF:0
BRH:0
FNF:49
FNH:47
end_of_record
SF:/home/bronson/workspace/SQE_API/sqe-dto/Spatial.cs
FN:7,System.Collections.Generic.List`1<SQE.API.DTO.CharacterShapeDTO> SQE.API.DTO.EditionScriptCollectionDTO::get_letters()
FNDA:13,System.Collections.Generic.List`1<SQE.API.DTO.CharacterShapeDTO> SQE.API.DTO.EditionScriptCollectionDTO::get_letters()
DA:8,13
FN:12,System.Collections.Generic.List`1<SQE.API.DTO.ScriptTextFragmentDTO> SQE.API.DTO.EditionScriptLinesDTO::get_textFragments()
FNDA:24,System.Collections.Generic.List`1<SQE.API.DTO.ScriptTextFragmentDTO> SQE.API.DTO.EditionScriptLinesDTO::get_textFragments()
DA:13,24
FN:17,System.UInt32 SQE.API.DTO.CharacterShapeDTO::get_id()
FNDA:10,System.UInt32 SQE.API.DTO.CharacterShapeDTO::get_id()
DA:18,10
FN:18,System.Char SQE.API.DTO.CharacterShapeDTO::get_character()
FNDA:10,System.Char SQE.API.DTO.CharacterShapeDTO::get_character()
DA:19,10
FN:19,System.String SQE.API.DTO.CharacterShapeDTO::get_polygon()
FNDA:10,System.String SQE.API.DTO.CharacterShapeDTO::get_polygon()
DA:20,10
FN:20,System.String SQE.API.DTO.CharacterShapeDTO::get_imageURL()
FNDA:10,System.String SQE.API.DTO.CharacterShapeDTO::get_imageURL()
DA:21,10
FN:21,System.Single SQE.API.DTO.CharacterShapeDTO::get_rotation()
FNDA:10,System.Single SQE.API.DTO.CharacterShapeDTO::get_rotation()
DA:22,10
FN:27,System.Collections.Generic.List`1<System.String> SQE.API.DTO.CharacterShapeDTO::get_attributes()
FNDA:14,System.Collections.Generic.List`1<System.String> SQE.API.DTO.CharacterShapeDTO::get_attributes()
DA:28,14
FN:32,System.String SQE.API.DTO.ScriptTextFragmentDTO::get_textFragmentName()
FNDA:18,System.String SQE.API.DTO.ScriptTextFragmentDTO::get_textFragmentName()
DA:33,18
FN:33,System.UInt32 SQE.API.DTO.ScriptTextFragmentDTO::get_textFragmentId()
FNDA:19,System.UInt32 SQE.API.DTO.ScriptTextFragmentDTO::get_textFragmentId()
DA:34,19
FN:34,System.Collections.Generic.List`1<SQE.API.DTO.ScriptLineDTO> SQE.API.DTO.ScriptTextFragmentDTO::get_lines()
FNDA:23,System.Collections.Generic.List`1<SQE.API.DTO.ScriptLineDTO> SQE.API.DTO.ScriptTextFragmentDTO::get_lines()
DA:35,23
FN:39,System.String SQE.API.DTO.ScriptLineDTO::get_lineName()
FNDA:18,System.String SQE.API.DTO.ScriptLineDTO::get_lineName()
DA:40,18
FN:40,System.UInt32 SQE.API.DTO.ScriptLineDTO::get_lineId()
FNDA:18,System.UInt32 SQE.API.DTO.ScriptLineDTO::get_lineId()
DA:41,18
FN:41,System.Collections.Generic.List`1<SQE.API.DTO.ScriptArtefactCharactersDTO> SQE.API.DTO.ScriptLineDTO::get_artefacts()
FNDA:23,System.Collections.Generic.List`1<SQE.API.DTO.ScriptArtefactCharactersDTO> SQE.API.DTO.ScriptLineDTO::get_artefacts()
DA:42,23
FN:46,System.String SQE.API.DTO.ScriptArtefactCharactersDTO::get_artefactName()
FNDA:18,System.String SQE.API.DTO.ScriptArtefactCharactersDTO::get_artefactName()
DA:47,18
FN:47,System.UInt32 SQE.API.DTO.ScriptArtefactCharactersDTO::get_artefactId()
FNDA:18,System.UInt32 SQE.API.DTO.ScriptArtefactCharactersDTO::get_artefactId()
DA:48,18
FN:48,SQE.API.DTO.PlacementDTO SQE.API.DTO.ScriptArtefactCharactersDTO::get_placement()
FNDA:18,SQE.API.DTO.PlacementDTO SQE.API.DTO.ScriptArtefactCharactersDTO::get_placement()
DA:49,18
FN:49,System.Collections.Generic.List`1<SQE.API.DTO.SignInterpretationDTO> SQE.API.DTO.ScriptArtefactCharactersDTO::get_characters()
FNDA:23,System.Collections.Generic.List`1<SQE.API.DTO.SignInterpretationDTO> SQE.API.DTO.ScriptArtefactCharactersDTO::get_characters()
DA:50,23
LF:18
LH:18
BRF:0
BRH:0
FNF:18
FNH:18
end_of_record
SF:/home/bronson/workspace/SQE_API/sqe-dto/TextFragment.cs
FN:20,System.UInt32 SQE.API.DTO.TextFragmentDataDTO::get_id()
FNDA:6775,System.UInt32 SQE.API.DTO.TextFragmentDataDTO::get_id()
DA:21,6775
FN:21,System.String SQE.API.DTO.TextFragmentDataDTO::get_name()
FNDA:6661,System.String SQE.API.DTO.TextFragmentDataDTO::get_name()
DA:22,6661
FN:23,System.UInt32 SQE.API.DTO.TextFragmentDataDTO::get_editorId()
FNDA:6589,System.UInt32 SQE.API.DTO.TextFragmentDataDTO::get_editorId()
DA:24,6589
FN:9,System.Void SQE.API.DTO.TextFragmentDataDTO::.ctor(System.UInt32,System.String,System.UInt32)
FNDA:2554,System.Void SQE.API.DTO.TextFragmentDataDTO::.ctor(System.UInt32,System.String,System.UInt32)
DA:10,2554
DA:11,2554
DA:12,2554
DA:13,2554
DA:14,2554
DA:15,2554
FN:16,System.Void SQE.API.DTO.TextFragmentDataDTO::.ctor()
FNDA:1276,System.Void SQE.API.DTO.TextFragmentDataDTO::.ctor()
DA:17,1276
DA:18,1276
DA:19,1276
FN:50,System.Boolean SQE.API.DTO.ArtefactTextFragmentMatchDTO::get_suggested()
FNDA:4,System.Boolean SQE.API.DTO.ArtefactTextFragmentMatchDTO::get_suggested()
DA:51,4
FN:39,System.Void SQE.API.DTO.ArtefactTextFragmentMatchDTO::.ctor(System.UInt32,System.String,System.UInt32,System.Boolean)
FNDA:2,System.Void SQE.API.DTO.ArtefactTextFragmentMatchDTO::.ctor(System.UInt32,System.String,System.UInt32,System.Boolean)
DA:40,2
DA:41,2
DA:42,2
DA:43,2
DA:44,2
DA:45,2
DA:46,2
DA:47,2
FN:48,System.Void SQE.API.DTO.ArtefactTextFragmentMatchDTO::.ctor()
FNDA:3,System.Void SQE.API.DTO.ArtefactTextFragmentMatchDTO::.ctor()
DA:49,3
FN:68,System.UInt32 SQE.API.DTO.ImagedObjectTextFragmentMatchDTO::get_editionId()
FNDA:17,System.UInt32 SQE.API.DTO.ImagedObjectTextFragmentMatchDTO::get_editionId()
DA:69,17
FN:69,System.String SQE.API.DTO.ImagedObjectTextFragmentMatchDTO::get_manuscriptName()
FNDA:18,System.String SQE.API.DTO.ImagedObjectTextFragmentMatchDTO::get_manuscriptName()
DA:70,18
FN:70,System.UInt32 SQE.API.DTO.ImagedObjectTextFragmentMatchDTO::get_textFragmentId()
FNDA:18,System.UInt32 SQE.API.DTO.ImagedObjectTextFragmentMatchDTO::get_textFragmentId()
DA:71,18
FN:71,System.String SQE.API.DTO.ImagedObjectTextFragmentMatchDTO::get_textFragmentName()
FNDA:18,System.String SQE.API.DTO.ImagedObjectTextFragmentMatchDTO::get_textFragmentName()
DA:72,18
FN:72,SQE.API.DTO.SideDesignation SQE.API.DTO.ImagedObjectTextFragmentMatchDTO::get_side()
FNDA:16,SQE.API.DTO.SideDesignation SQE.API.DTO.ImagedObjectTextFragmentMatchDTO::get_side()
DA:73,16
FN:55,System.Void SQE.API.DTO.ImagedObjectTextFragmentMatchDTO::.ctor(System.UInt32,System.String,System.UInt32,System.String,SQE.API.DTO.SideDesignation)
FNDA:6,System.Void SQE.API.DTO.ImagedObjectTextFragmentMatchDTO::.ctor(System.UInt32,System.String,System.UInt32,System.String,SQE.API.DTO.SideDesignation)
DA:56,6
DA:57,6
DA:58,6
DA:59,6
DA:60,6
DA:61,6
DA:62,6
DA:63,6
DA:64,6
FN:66,System.Void SQE.API.DTO.ImagedObjectTextFragmentMatchDTO::.ctor()
FNDA:9,System.Void SQE.API.DTO.ImagedObjectTextFragmentMatchDTO::.ctor()
DA:67,9
FN:77,System.Collections.Generic.List`1<SQE.API.DTO.ImagedObjectTextFragmentMatchDTO> SQE.API.DTO.ImagedObjectTextFragmentMatchListDTO::get_matches()
FNDA:25,System.Collections.Generic.List`1<SQE.API.DTO.ImagedObjectTextFragmentMatchDTO> SQE.API.DTO.ImagedObjectTextFragmentMatchListDTO::get_matches()
DA:78,25
FN:91,System.Collections.Generic.List`1<SQE.API.DTO.TextFragmentDataDTO> SQE.API.DTO.TextFragmentDataListDTO::get_textFragments()
FNDA:2122,System.Collections.Generic.List`1<SQE.API.DTO.TextFragmentDataDTO> SQE.API.DTO.TextFragmentDataListDTO::get_textFragments()
DA:92,2122
FN:82,System.Void SQE.API.DTO.TextFragmentDataListDTO::.ctor(System.Collections.Generic.List`1<SQE.API.DTO.TextFragmentDataDTO>)
FNDA:192,System.Void SQE.API.DTO.TextFragmentDataListDTO::.ctor(System.Collections.Generic.List`1<SQE.API.DTO.TextFragmentDataDTO>)
DA:83,192
DA:84,192
DA:85,192
DA:86,192
FN:87,System.Void SQE.API.DTO.TextFragmentDataListDTO::.ctor()
FNDA:96,System.Void SQE.API.DTO.TextFragmentDataListDTO::.ctor()
DA:88,96
DA:89,96
DA:90,96
FN:103,System.Collections.Generic.List`1<SQE.API.DTO.ArtefactTextFragmentMatchDTO> SQE.API.DTO.ArtefactTextFragmentMatchListDTO::get_textFragments()
FNDA:12,System.Collections.Generic.List`1<SQE.API.DTO.ArtefactTextFragmentMatchDTO> SQE.API.DTO.ArtefactTextFragmentMatchListDTO::get_textFragments()
DA:104,12
FN:96,System.Void SQE.API.DTO.ArtefactTextFragmentMatchListDTO::.ctor(System.Collections.Generic.List`1<SQE.API.DTO.ArtefactTextFragmentMatchDTO>)
FNDA:3,System.Void SQE.API.DTO.ArtefactTextFragmentMatchListDTO::.ctor(System.Collections.Generic.List`1<SQE.API.DTO.ArtefactTextFragmentMatchDTO>)
DA:97,3
DA:98,3
DA:99,3
DA:100,3
FN:101,System.Void SQE.API.DTO.ArtefactTextFragmentMatchListDTO::.ctor()
FNDA:3,System.Void SQE.API.DTO.ArtefactTextFragmentMatchListDTO::.ctor()
DA:102,3
FN:108,System.UInt32 SQE.API.DTO.TextFragmentDTO::get_textFragmentId()
FNDA:85,System.UInt32 SQE.API.DTO.TextFragmentDTO::get_textFragmentId()
DA:109,85
FN:109,System.String SQE.API.DTO.TextFragmentDTO::get_textFragmentName()
FNDA:80,System.String SQE.API.DTO.TextFragmentDTO::get_textFragmentName()
DA:110,80
FN:110,System.UInt32 SQE.API.DTO.TextFragmentDTO::get_editorId()
FNDA:81,System.UInt32 SQE.API.DTO.TextFragmentDTO::get_editorId()
DA:111,81
FN:111,System.Collections.Generic.List`1<SQE.API.DTO.LineDTO> SQE.API.DTO.TextFragmentDTO::get_lines()
FNDA:341,System.Collections.Generic.List`1<SQE.API.DTO.LineDTO> SQE.API.DTO.TextFragmentDTO::get_lines()
DA:112,341
FN:126,System.UInt32 SQE.API.DTO.LineDataDTO::get_lineId()
FNDA:252,System.UInt32 SQE.API.DTO.LineDataDTO::get_lineId()
DA:127,252
FN:127,System.String SQE.API.DTO.LineDataDTO::get_lineName()
FNDA:250,System.String SQE.API.DTO.LineDataDTO::get_lineName()
DA:128,250
FN:116,System.Void SQE.API.DTO.LineDataDTO::.ctor(System.UInt32,System.String)
FNDA:100,System.Void SQE.API.DTO.LineDataDTO::.ctor(System.UInt32,System.String)
DA:117,100
DA:118,100
DA:119,100
DA:120,100
DA:121,100
FN:122,System.Void SQE.API.DTO.LineDataDTO::.ctor()
FNDA:50,System.Void SQE.API.DTO.LineDataDTO::.ctor()
DA:123,50
DA:124,50
DA:125,50
FN:141,System.Collections.Generic.List`1<SQE.API.DTO.LineDataDTO> SQE.API.DTO.LineDataListDTO::get_lines()
FNDA:73,System.Collections.Generic.List`1<SQE.API.DTO.LineDataDTO> SQE.API.DTO.LineDataListDTO::get_lines()
DA:142,73
FN:132,System.Void SQE.API.DTO.LineDataListDTO::.ctor(System.Collections.Generic.List`1<SQE.API.DTO.LineDataDTO>)
FNDA:8,System.Void SQE.API.DTO.LineDataListDTO::.ctor(System.Collections.Generic.List`1<SQE.API.DTO.LineDataDTO>)
DA:133,8
DA:134,8
DA:135,8
DA:136,8
FN:137,System.Void SQE.API.DTO.LineDataListDTO::.ctor()
FNDA:4,System.Void SQE.API.DTO.LineDataListDTO::.ctor()
DA:138,4
DA:139,4
DA:140,4
FN:146,System.UInt32 SQE.API.DTO.LineDTO::get_lineId()
FNDA:680,System.UInt32 SQE.API.DTO.LineDTO::get_lineId()
DA:147,680
FN:147,System.String SQE.API.DTO.LineDTO::get_lineName()
FNDA:673,System.String SQE.API.DTO.LineDTO::get_lineName()
DA:148,673
FN:148,System.UInt32 SQE.API.DTO.LineDTO::get_editorId()
FNDA:690,System.UInt32 SQE.API.DTO.LineDTO::get_editorId()
DA:149,690
FN:149,System.Collections.Generic.List`1<SQE.API.DTO.SignDTO> SQE.API.DTO.LineDTO::get_signs()
FNDA:9619,System.Collections.Generic.List`1<SQE.API.DTO.SignDTO> SQE.API.DTO.LineDTO::get_signs()
DA:150,9619
FN:154,System.String SQE.API.DTO.LineTextDTO::get_licence()
FNDA:9,System.String SQE.API.DTO.LineTextDTO::get_licence()
DA:155,9
FN:155,System.Collections.Generic.Dictionary`2<System.String,SQE.API.DTO.EditorDTO> SQE.API.DTO.LineTextDTO::get_editors()
FNDA:129,System.Collections.Generic.Dictionary`2<System.String,SQE.API.DTO.EditorDTO> SQE.API.DTO.LineTextDTO::get_editors()
DA:156,129
FN:164,System.String SQE.API.DTO.UpdateTextFragmentDTO::get_name()
FNDA:24,System.String SQE.API.DTO.UpdateTextFragmentDTO::get_name()
DA:165,24
FN:165,System.Nullable`1<System.UInt32> SQE.API.DTO.UpdateTextFragmentDTO::get_previousTextFragmentId()
FNDA:68,System.Nullable`1<System.UInt32> SQE.API.DTO.UpdateTextFragmentDTO::get_previousTextFragmentId()
DA:166,68
FN:166,System.Nullable`1<System.UInt32> SQE.API.DTO.UpdateTextFragmentDTO::get_nextTextFragmentId()
FNDA:68,System.Nullable`1<System.UInt32> SQE.API.DTO.UpdateTextFragmentDTO::get_nextTextFragmentId()
DA:167,68
FN:177,System.String SQE.API.DTO.CreateTextFragmentDTO::get_name()
FNDA:44,System.String SQE.API.DTO.CreateTextFragmentDTO::get_name()
DA:178,44
LF:84
LH:84
BRF:0
BRH:0
FNF:43
FNH:43
end_of_record
SF:/home/bronson/workspace/SQE_API/sqe-dto/Transformation.cs
FN:12,System.Decimal SQE.API.DTO.PlacementDTO::get_scale()
FNDA:10762,System.Decimal SQE.API.DTO.PlacementDTO::get_scale()
DA:13,10762
FN:19,System.Decimal SQE.API.DTO.PlacementDTO::get_rotate()
FNDA:10762,System.Decimal SQE.API.DTO.PlacementDTO::get_rotate()
DA:20,10762
FN:21,System.Int32 SQE.API.DTO.PlacementDTO::get_zIndex()
FNDA:10753,System.Int32 SQE.API.DTO.PlacementDTO::get_zIndex()
DA:22,10753
FN:23,SQE.API.DTO.TranslateDTO SQE.API.DTO.PlacementDTO::get_translate()
FNDA:10773,SQE.API.DTO.TranslateDTO SQE.API.DTO.PlacementDTO::get_translate()
DA:24,10773
FN:28,System.Int32 SQE.API.DTO.TranslateDTO::get_x()
FNDA:876,System.Int32 SQE.API.DTO.TranslateDTO::get_x()
DA:29,876
FN:29,System.Int32 SQE.API.DTO.TranslateDTO::get_y()
FNDA:876,System.Int32 SQE.API.DTO.TranslateDTO::get_y()
DA:30,876
LF:6
LH:6
BRF:0
BRH:0
FNF:6
FNH:6
end_of_record
SF:/home/bronson/workspace/SQE_API/sqe-dto/User.cs
FN:10,System.String SQE.API.DTO.LoginRequestDTO::get_email()
FNDA:2477,System.String SQE.API.DTO.LoginRequestDTO::get_email()
DA:11,2477
FN:14,System.String SQE.API.DTO.LoginRequestDTO::get_password()
FNDA:2477,System.String SQE.API.DTO.LoginRequestDTO::get_password()
DA:15,2477
FN:43,System.String SQE.API.DTO.UserUpdateRequestDTO::get_password()
FNDA:49,System.String SQE.API.DTO.UserUpdateRequestDTO::get_password()
DA:44,49
FN:44,System.String SQE.API.DTO.UserUpdateRequestDTO::get_email()
FNDA:56,System.String SQE.API.DTO.UserUpdateRequestDTO::get_email()
DA:45,56
FN:45,System.String SQE.API.DTO.UserUpdateRequestDTO::get_organization()
FNDA:122,System.String SQE.API.DTO.UserUpdateRequestDTO::get_organization()
DA:46,122
FN:46,System.String SQE.API.DTO.UserUpdateRequestDTO::get_forename()
FNDA:136,System.String SQE.API.DTO.UserUpdateRequestDTO::get_forename()
DA:47,136
FN:47,System.String SQE.API.DTO.UserUpdateRequestDTO::get_surname()
FNDA:136,System.String SQE.API.DTO.UserUpdateRequestDTO::get_surname()
DA:48,136
FN:30,System.Void SQE.API.DTO.UserUpdateRequestDTO::.ctor(System.String,System.String,System.String,System.String,System.String)
FNDA:35,System.Void SQE.API.DTO.UserUpdateRequestDTO::.ctor(System.String,System.String,System.String,System.String,System.String)
DA:31,35
DA:32,35
DA:33,35
DA:34,35
DA:35,35
DA:36,35
DA:37,35
DA:38,35
FN:39,System.Void SQE.API.DTO.UserUpdateRequestDTO::.ctor()
FNDA:3,System.Void SQE.API.DTO.UserUpdateRequestDTO::.ctor()
DA:40,3
DA:41,3
DA:42,3
FN:65,System.String SQE.API.DTO.NewUserRequestDTO::get_email()
FNDA:145,System.String SQE.API.DTO.NewUserRequestDTO::get_email()
DA:66,145
FN:69,System.String SQE.API.DTO.NewUserRequestDTO::get_password()
FNDA:111,System.String SQE.API.DTO.NewUserRequestDTO::get_password()
DA:70,111
FN:53,System.Void SQE.API.DTO.NewUserRequestDTO::.ctor(System.String,System.String,System.String,System.String,System.String)
FNDA:30,System.Void SQE.API.DTO.NewUserRequestDTO::.ctor(System.String,System.String,System.String,System.String,System.String)
DA:54,30
DA:55,30
DA:56,30
DA:57,30
DA:58,30
FN:59,System.Void SQE.API.DTO.NewUserRequestDTO::.ctor()
FNDA:14,System.Void SQE.API.DTO.NewUserRequestDTO::.ctor()
DA:60,14
DA:61,14
DA:62,14
FN:78,System.String SQE.API.DTO.AccountActivationRequestDTO::get_token()
FNDA:50,System.String SQE.API.DTO.AccountActivationRequestDTO::get_token()
DA:79,50
FN:85,System.String SQE.API.DTO.ResendUserAccountActivationRequestDTO::get_email()
FNDA:10,System.String SQE.API.DTO.ResendUserAccountActivationRequestDTO::get_email()
DA:86,10
FN:92,System.String SQE.API.DTO.UnactivatedEmailUpdateRequestDTO::get_newEmail()
FNDA:5,System.String SQE.API.DTO.UnactivatedEmailUpdateRequestDTO::get_newEmail()
DA:93,5
FN:103,System.String SQE.API.DTO.ResetUserPasswordRequestDTO::get_email()
FNDA:5,System.String SQE.API.DTO.ResetUserPasswordRequestDTO::get_email()
DA:104,5
FN:110,System.String SQE.API.DTO.ResetForgottenUserPasswordRequestDTO::get_password()
FNDA:5,System.String SQE.API.DTO.ResetForgottenUserPasswordRequestDTO::get_password()
DA:111,5
FN:115,System.String SQE.API.DTO.ResetLoggedInUserPasswordRequestDTO::get_oldPassword()
FNDA:10,System.String SQE.API.DTO.ResetLoggedInUserPasswordRequestDTO::get_oldPassword()
DA:116,10
FN:119,System.String SQE.API.DTO.ResetLoggedInUserPasswordRequestDTO::get_newPassword()
FNDA:10,System.String SQE.API.DTO.ResetLoggedInUserPasswordRequestDTO::get_newPassword()
DA:120,10
FN:131,System.UInt32 SQE.API.DTO.UserDTO::get_userId()
FNDA:27051,System.UInt32 SQE.API.DTO.UserDTO::get_userId()
DA:132,27051
FN:132,System.String SQE.API.DTO.UserDTO::get_email()
FNDA:27100,System.String SQE.API.DTO.UserDTO::get_email()
DA:133,27100
FN:138,System.String SQE.API.DTO.DetailedUserDTO::get_forename()
FNDA:1602,System.String SQE.API.DTO.DetailedUserDTO::get_forename()
DA:139,1602
FN:139,System.String SQE.API.DTO.DetailedUserDTO::get_surname()
FNDA:1602,System.String SQE.API.DTO.DetailedUserDTO::get_surname()
DA:140,1602
FN:140,System.String SQE.API.DTO.DetailedUserDTO::get_organization()
FNDA:1602,System.String SQE.API.DTO.DetailedUserDTO::get_organization()
DA:141,1602
FN:141,System.Boolean SQE.API.DTO.DetailedUserDTO::get_activated()
FNDA:1578,System.Boolean SQE.API.DTO.DetailedUserDTO::get_activated()
DA:142,1578
FN:147,System.String SQE.API.DTO.DetailedUserTokenDTO::get_token()
FNDA:2059,System.String SQE.API.DTO.DetailedUserTokenDTO::get_token()
DA:148,2059
FN:152,System.String SQE.API.DTO.EditorDTO::get_email()
FNDA:60,System.String SQE.API.DTO.EditorDTO::get_email()
DA:153,60
FN:153,System.String SQE.API.DTO.EditorDTO::get_forename()
FNDA:88,System.String SQE.API.DTO.EditorDTO::get_forename()
DA:154,88
FN:154,System.String SQE.API.DTO.EditorDTO::get_surname()
FNDA:88,System.String SQE.API.DTO.EditorDTO::get_surname()
DA:155,88
FN:155,System.String SQE.API.DTO.EditorDTO::get_organization()
FNDA:88,System.String SQE.API.DTO.EditorDTO::get_organization()
DA:156,88
LF:46
LH:46
BRF:0
BRH:0
FNF:31
FNH:31
end_of_record
SF:/home/bronson/workspace/SQE_API/sqe-dto/CustomValidators/ValidDecimalAttribute.cs
FN:34,System.Boolean SQE.API.DTO.Validators.ValidDecimalAttribute::IsValid(System.Object)
FNDA:144,System.Boolean SQE.API.DTO.Validators.ValidDecimalAttribute::IsValid(System.Object)
DA:35,144
DA:37,0
DA:40,144
DA:44,145
DA:52,143
DA:59,143
DA:60,144
BRDA:37,7,0,144
BRDA:37,7,1,0
BRDA:37,25,0,0
BRDA:37,25,1,144
BRDA:44,87,0,1
BRDA:44,87,1,143
FN:25,System.Void SQE.API.DTO.Validators.ValidDecimalAttribute::.ctor(System.Byte,System.Byte)
FNDA:14,System.Void SQE.API.DTO.Validators.ValidDecimalAttribute::.ctor(System.Byte,System.Byte)
DA:26,14
DA:27,14
DA:28,14
DA:29,0
DA:30,14
DA:31,14
DA:32,14
BRDA:28,14,0,0
BRDA:28,14,1,14
LF:14
LH:12
BRF:8
BRH:5
FNF:2
FNH:2
end_of_record
SF:/home/bronson/workspace/SQE_API/sqe-api-server/Startup.cs
FN:40,Microsoft.Extensions.Configuration.IConfiguration SQE.API.Server.Startup::get_Configuration()
FNDA:224,Microsoft.Extensions.Configuration.IConfiguration SQE.API.Server.Startup::get_Configuration()
DA:41,224
FN:41,Microsoft.AspNetCore.Hosting.IWebHostEnvironment SQE.API.Server.Startup::get_Environment()
FNDA:336,Microsoft.AspNetCore.Hosting.IWebHostEnvironment SQE.API.Server.Startup::get_Environment()
DA:42,336
FN:45,System.Void SQE.API.Server.Startup::ConfigureServices(Microsoft.Extensions.DependencyInjection.IServiceCollection)
FNDA:112,System.Void SQE.API.Server.Startup::ConfigureServices(Microsoft.Extensions.DependencyInjection.IServiceCollection)
DA:46,112
DA:47,112
DA:50,112
DA:51,112
DA:52,112
DA:53,112
DA:54,112
DA:55,112
DA:56,112
DA:57,112
DA:58,112
DA:59,112
DA:60,112
DA:61,112
DA:62,112
DA:63,112
DA:64,112
DA:65,112
DA:66,112
DA:67,112
DA:68,112
DA:69,112
DA:70,112
DA:71,112
DA:72,112
DA:74,112
DA:75,112
DA:76,112
DA:77,224
DA:78,112
DA:79,112
DA:80,112
DA:81,112
DA:82,224
DA:83,224
DA:84,112
DA:85,112
DA:86,448
DA:87,112
DA:91,112
DA:92,112
DA:94,0
DA:97,448
DA:100,112
DA:101,112
DA:104,112
DA:105,112
DA:106,112
DA:107,112
DA:108,224
DA:109,224
DA:110,224
DA:111,224
DA:112,112
DA:113,112
DA:114,112
DA:115,224
DA:116,224
DA:117,224
DA:118,224
DA:119,224
DA:120,224
DA:121,224
DA:122,224
DA:123,224
DA:124,224
DA:125,112
DA:126,112
DA:127,112
DA:128,112
DA:129,112
DA:130,112
DA:131,224
DA:132,224
DA:133,224
DA:134,2650
DA:135,2650
DA:136,224
DA:137,224
DA:138,2650
DA:139,2650
DA:140,2650
DA:141,224
DA:142,0
DA:143,2650
DA:144,2650
DA:145,224
DA:146,224
DA:147,112
DA:149,112
DA:150,112
DA:151,224
DA:152,224
DA:153,224
DA:154,224
DA:155,224
DA:156,224
DA:157,224
DA:158,224
DA:159,112
DA:161,112
DA:162,112
DA:163,112
DA:164,112
DA:165,224
DA:166,224
DA:167,224
DA:168,224
DA:169,224
DA:170,224
DA:171,224
DA:172,224
DA:173,224
DA:174,224
DA:175,224
DA:176,224
DA:177,224
DA:178,224
DA:179,224
DA:180,224
DA:181,224
DA:182,224
DA:183,224
DA:184,224
DA:185,224
DA:186,224
DA:187,224
DA:188,224
DA:189,224
DA:190,224
DA:191,224
DA:192,224
DA:193,224
DA:194,224
DA:195,224
DA:196,224
DA:197,224
DA:198,224
DA:199,224
DA:200,224
DA:201,112
DA:203,112
DA:204,112
DA:210,112
DA:211,112
DA:212,0
DA:213,0
DA:214,0
DA:215,0
DA:216,0
DA:217,0
DA:218,0
DA:220,0
DA:221,0
DA:222,0
DA:223,0
DA:224,0
DA:225,0
DA:227,112
DA:228,112
DA:229,112
DA:230,112
BRDA:75,189,0,1
BRDA:75,189,1,112
BRDA:85,227,0,1
BRDA:85,227,1,112
BRDA:91,276,0,112
BRDA:91,276,1,0
BRDA:97,301,0,1
BRDA:97,301,1,112
BRDA:106,393,0,1
BRDA:106,393,1,112
BRDA:149,448,0,1
BRDA:149,448,1,112
BRDA:161,504,0,112
BRDA:163,514,0,1
BRDA:163,514,1,112
BRDA:161,504,1,112
BRDA:210,574,0,112
BRDA:210,574,1,0
BRDA:210,602,0,0
BRDA:213,633,0,0
BRDA:213,633,1,0
BRDA:215,671,0,0
BRDA:215,671,1,0
BRDA:217,709,0,0
BRDA:217,709,1,0
BRDA:210,602,1,112
BRDA:131,84,0,1
BRDA:131,84,1,112
BRDA:139,51,0,0
BRDA:139,51,1,2426
BRDA:139,75,0,0
BRDA:139,75,1,2426
FN:233,System.Void SQE.API.Server.Startup::Configure(Microsoft.AspNetCore.Builder.IApplicationBuilder)
FNDA:112,System.Void SQE.API.Server.Startup::Configure(Microsoft.AspNetCore.Builder.IApplicationBuilder)
DA:234,112
DA:235,0
DA:238,112
DA:240,112
DA:242,112
DA:243,224
DA:244,224
DA:245,224
DA:246,0
DA:247,224
DA:248,112
DA:250,112
DA:253,112
DA:254,112
DA:256,112
DA:257,112
DA:259,112
DA:263,448
DA:264,112
DA:266,112
DA:269,112
DA:270,112
DA:272,112
DA:273,112
DA:274,224
DA:275,224
DA:276,336
DA:277,224
DA:278,112
DA:279,112
BRDA:235,20,0,0
BRDA:235,20,1,112
BRDA:242,51,0,1
BRDA:242,51,1,112
BRDA:256,146,0,112
BRDA:263,164,0,1
BRDA:263,164,1,112
BRDA:256,146,1,112
BRDA:243,17,0,2
BRDA:243,17,1,112
BRDA:276,41,0,112
BRDA:276,41,1,112
FN:31,System.Void SQE.API.Server.Startup::.ctor(Microsoft.Extensions.Configuration.IConfiguration,Microsoft.AspNetCore.Hosting.IWebHostEnvironment)
FNDA:112,System.Void SQE.API.Server.Startup::.ctor(Microsoft.Extensions.Configuration.IConfiguration,Microsoft.AspNetCore.Hosting.IWebHostEnvironment)
DA:32,112
DA:33,112
DA:34,112
DA:35,112
DA:38,112
DA:39,112
LF:200
LH:183
BRF:44
BRH:32
FNF:5
FNH:5
end_of_record
SF:/home/bronson/workspace/SQE_API/sqe-api-server/Services/ArtefactService.cs
FN:346,System.Void SQE.API.Server.Services.ArtefactService::ParseImageMaskOptionals(System.Collections.Generic.List`1<System.String>,System.Boolean&,System.Boolean&)
FNDA:128,System.Void SQE.API.Server.Services.ArtefactService::ParseImageMaskOptionals(System.Collections.Generic.List`1<System.String>,System.Boolean&,System.Boolean&)
DA:347,128
DA:348,128
DA:349,128
DA:350,4
DA:351,124
DA:352,124
DA:353,128
BRDA:349,15,1,124
BRDA:349,15,0,128
FN:355,System.Void SQE.API.Server.Services.ArtefactService::ParseTextFragmentOptionals(System.Collections.Generic.List`1<System.String>,System.Boolean&)
FNDA:1,System.Void SQE.API.Server.Services.ArtefactService::ParseTextFragmentOptionals(System.Collections.Generic.List`1<System.String>,System.Boolean&)
DA:356,1
DA:357,1
DA:358,1
FN:63,System.Void SQE.API.Server.Services.ArtefactService::.ctor(SQE.DatabaseAccess.IArtefactRepository,Microsoft.AspNetCore.SignalR.IHubContext`2<SQE.API.Server.RealtimeHubs.MainHub,SQE.API.Server.RealtimeHubs.ISQEClient>)
FNDA:857,System.Void SQE.API.Server.Services.ArtefactService::.ctor(SQE.DatabaseAccess.IArtefactRepository,Microsoft.AspNetCore.SignalR.IHubContext`2<SQE.API.Server.RealtimeHubs.MainHub,SQE.API.Server.RealtimeHubs.ISQEClient>)
DA:64,857
DA:65,857
DA:66,857
DA:67,857
DA:68,857
FN:72,System.Void SQE.API.Server.Services.ArtefactService/<GetEditionArtefactAsync>d__3::MoveNext()
FNDA:96,System.Void SQE.API.Server.Services.ArtefactService/<GetEditionArtefactAsync>d__3::MoveNext()
DA:73,96
DA:74,96
DA:75,96
DA:76,95
DA:77,95
FN:80,System.Void SQE.API.Server.Services.ArtefactService/<GetEditionArtefactListingsAsync>d__4::MoveNext()
FNDA:32,System.Void SQE.API.Server.Services.ArtefactService/<GetEditionArtefactListingsAsync>d__4::MoveNext()
DA:81,32
DA:82,32
DA:84,32
DA:85,2
DA:86,2
DA:87,2
DA:89,30
DA:90,30
DA:91,30
DA:92,30
DA:93,30
DA:94,30
DA:95,30
DA:97,32
DA:98,32
BRDA:81,14,0,32
BRDA:84,58,0,2
BRDA:84,58,1,30
BRDA:81,14,1,0
FN:101,System.Void SQE.API.Server.Services.ArtefactService/<GetEditionArtefactListingsWithImagesAsync>d__5::MoveNext()
FNDA:2,System.Void SQE.API.Server.Services.ArtefactService/<GetEditionArtefactListingsWithImagesAsync>d__5::MoveNext()
DA:102,2
DA:103,2
DA:107,2
DA:108,2
DA:109,2
DA:110,2
DA:111,2
FN:128,System.Threading.Tasks.Task SQE.API.Server.Services.ArtefactService/<>c__DisplayClass6_0::<BatchUpdateArtefactTransformAsync>b__0(SQE.API.DTO.ArtefactDTO)
FNDA:90,System.Threading.Tasks.Task SQE.API.Server.Services.ArtefactService/<>c__DisplayClass6_0::<BatchUpdateArtefactTransformAsync>b__0(SQE.API.DTO.ArtefactDTO)
DA:129,90
DA:130,90
DA:131,90
FN:121,System.Void SQE.API.Server.Services.ArtefactService/<>c__DisplayClass6_0/<<BatchUpdateArtefactTransformAsync>b__1>d::MoveNext()
FNDA:90,System.Void SQE.API.Server.Services.ArtefactService/<>c__DisplayClass6_0/<<BatchUpdateArtefactTransformAsync>b__1>d::MoveNext()
DA:122,90
BRDA:122,8,0,87
BRDA:122,70,0,0
BRDA:122,8,1,0
BRDA:122,70,1,87
FN:137,SQE.API.DTO.UpdatedArtefactPlacementDTO SQE.API.Server.Services.ArtefactService/<>c::<BatchUpdateArtefactTransformAsync>b__6_2(SQE.API.DTO.ArtefactDTO)
FNDA:90,SQE.API.DTO.UpdatedArtefactPlacementDTO SQE.API.Server.Services.ArtefactService/<>c::<BatchUpdateArtefactTransformAsync>b__6_2(SQE.API.DTO.ArtefactDTO)
DA:138,90
DA:139,90
DA:140,90
DA:141,90
DA:142,90
DA:143,90
DA:144,90
FN:263,SQE.API.DTO.ArtefactTextFragmentMatchDTO SQE.API.Server.Services.ArtefactService/<>c::<ArtefactTextFragmentsAsync>b__10_0(SQE.DatabaseAccess.Models.TextFragmentData)
FNDA:0,SQE.API.DTO.ArtefactTextFragmentMatchDTO SQE.API.Server.Services.ArtefactService/<>c::<ArtefactTextFragmentsAsync>b__10_0(SQE.DatabaseAccess.Models.TextFragmentData)
DA:264,0
DA:265,0
DA:266,0
DA:267,0
DA:268,0
DA:269,0
FN:335,SQE.API.DTO.ArtefactTextFragmentMatchDTO SQE.API.Server.Services.ArtefactService/<>c::<_artefactSuggestedTextFragmentsAsync>b__16_0(SQE.DatabaseAccess.Models.TextFragmentData)
FNDA:2,SQE.API.DTO.ArtefactTextFragmentMatchDTO SQE.API.Server.Services.ArtefactService/<>c::<_artefactSuggestedTextFragmentsAsync>b__16_0(SQE.DatabaseAccess.Models.TextFragmentData)
DA:336,2
DA:337,2
DA:338,2
DA:339,2
DA:340,2
FN:115,System.Void SQE.API.Server.Services.ArtefactService/<BatchUpdateArtefactTransformAsync>d__6::MoveNext()
FNDA:3,System.Void SQE.API.Server.Services.ArtefactService/<BatchUpdateArtefactTransformAsync>d__6::MoveNext()
DA:116,3
DA:117,3
DA:120,3
DA:121,3
DA:123,3
DA:127,3
DA:128,3
DA:134,3
DA:136,3
DA:137,3
DA:145,3
DA:146,3
BRDA:136,544,0,1
BRDA:136,544,1,3
FN:158,System.Void SQE.API.Server.Services.ArtefactService/<UpdateArtefactAsync>d__7::MoveNext()
FNDA:7,System.Void SQE.API.Server.Services.ArtefactService/<UpdateArtefactAsync>d__7::MoveNext()
DA:159,7
DA:160,7
DA:161,7
DA:162,7
DA:163,3
DA:164,3
DA:165,2
DA:166,2
DA:167,2
DA:168,2
DA:169,2
DA:171,6
DA:172,2
DA:174,6
DA:175,5
DA:176,5
DA:177,5
DA:178,5
DA:179,5
DA:180,5
DA:181,5
DA:182,5
DA:183,5
DA:184,5
DA:185,5
DA:187,6
DA:188,1
DA:189,1
DA:190,1
DA:192,6
DA:193,6
DA:194,6
DA:195,6
DA:196,6
DA:197,6
DA:201,6
DA:202,6
DA:204,6
DA:205,6
BRDA:162,82,0,3
BRDA:162,82,1,6
BRDA:171,195,0,2
BRDA:171,195,1,6
BRDA:174,266,0,5
BRDA:175,359,0,0
BRDA:175,359,1,5
BRDA:175,401,0,0
BRDA:175,401,1,5
BRDA:174,266,1,6
BRDA:187,481,0,1
BRDA:187,481,1,6
BRDA:193,663,0,4
BRDA:193,663,1,2
FN:209,System.Void SQE.API.Server.Services.ArtefactService/<CreateArtefactAsync>d__8::MoveNext()
FNDA:3,System.Void SQE.API.Server.Services.ArtefactService/<CreateArtefactAsync>d__8::MoveNext()
DA:210,3
DA:211,3
DA:212,3
DA:213,3
DA:215,2
DA:216,2
DA:217,2
DA:218,2
DA:219,2
DA:220,2
DA:221,2
DA:222,2
DA:223,2
DA:224,2
DA:225,2
DA:226,2
DA:228,2
DA:229,2
DA:230,2
DA:232,2
DA:236,2
DA:237,2
DA:239,2
DA:240,2
BRDA:211,60,0,3
BRDA:211,60,1,0
BRDA:215,149,0,0
BRDA:215,149,1,2
BRDA:215,185,0,0
BRDA:215,185,1,2
BRDA:215,221,0,0
BRDA:215,221,1,2
BRDA:215,242,0,0
BRDA:215,242,1,2
BRDA:215,279,0,0
BRDA:215,279,1,2
BRDA:215,300,0,0
BRDA:215,300,1,2
BRDA:215,337,0,0
BRDA:215,337,1,2
BRDA:228,503,0,2
BRDA:228,503,1,0
FN:244,System.Void SQE.API.Server.Services.ArtefactService/<DeleteArtefactAsync>d__9::MoveNext()
FNDA:2,System.Void SQE.API.Server.Services.ArtefactService/<DeleteArtefactAsync>d__9::MoveNext()
DA:245,2
DA:246,2
DA:250,2
DA:251,2
DA:252,2
DA:253,2
BRDA:245,14,0,2
BRDA:245,14,1,0
FN:257,System.Void SQE.API.Server.Services.ArtefactService/<ArtefactTextFragmentsAsync>d__10::MoveNext()
FNDA:1,System.Void SQE.API.Server.Services.ArtefactService/<ArtefactTextFragmentsAsync>d__10::MoveNext()
DA:258,1
DA:259,1
DA:261,1
DA:262,1
DA:263,1
DA:270,1
DA:271,1
DA:272,1
DA:273,0
DA:275,1
DA:276,1
DA:277,1
DA:278,1
BRDA:258,14,0,1
BRDA:261,180,0,1
BRDA:261,180,1,1
BRDA:273,245,0,0
BRDA:273,245,1,1
BRDA:258,14,1,0
FN:280,System.Void SQE.API.Server.Services.ArtefactService/<ArtefactGroupsOfEditionAsync>d__11::MoveNext()
FNDA:12,System.Void SQE.API.Server.Services.ArtefactService/<ArtefactGroupsOfEditionAsync>d__11::MoveNext()
DA:281,12
DA:282,12
DA:283,12
FN:285,System.Void SQE.API.Server.Services.ArtefactService/<GetArtefactGroupDataAsync>d__12::MoveNext()
FNDA:2,System.Void SQE.API.Server.Services.ArtefactService/<GetArtefactGroupDataAsync>d__12::MoveNext()
DA:286,2
DA:287,2
DA:288,2
FN:292,System.Void SQE.API.Server.Services.ArtefactService/<CreateArtefactGroupAsync>d__13::MoveNext()
FNDA:5,System.Void SQE.API.Server.Services.ArtefactService/<CreateArtefactGroupAsync>d__13::MoveNext()
DA:293,5
DA:294,5
DA:295,5
DA:298,4
DA:299,4
DA:300,4
DA:301,4
BRDA:293,14,0,5
BRDA:293,14,1,0
FN:305,System.Void SQE.API.Server.Services.ArtefactService/<UpdateArtefactGroupAsync>d__14::MoveNext()
FNDA:2,System.Void SQE.API.Server.Services.ArtefactService/<UpdateArtefactGroupAsync>d__14::MoveNext()
DA:306,2
DA:307,2
DA:308,2
DA:309,2
DA:312,1
DA:313,1
DA:314,1
DA:315,1
BRDA:306,14,0,2
BRDA:306,14,1,0
FN:318,System.Void SQE.API.Server.Services.ArtefactService/<DeleteArtefactGroupAsync>d__15::MoveNext()
FNDA:4,System.Void SQE.API.Server.Services.ArtefactService/<DeleteArtefactGroupAsync>d__15::MoveNext()
DA:319,4
DA:320,4
DA:321,4
DA:324,4
DA:325,4
DA:326,4
DA:327,4
BRDA:319,14,0,4
BRDA:319,14,1,0
FN:331,System.Void SQE.API.Server.Services.ArtefactService/<_artefactSuggestedTextFragmentsAsync>d__16::MoveNext()
FNDA:1,System.Void SQE.API.Server.Services.ArtefactService/<_artefactSuggestedTextFragmentsAsync>d__16::MoveNext()
DA:332,1
DA:333,1
DA:334,1
DA:335,1
DA:341,1
DA:342,1
DA:343,1
DA:344,1
BRDA:333,150,0,1
BRDA:333,150,1,1
LF:194
LH:187
BRF:60
BRH:40
FNF:22
FNH:21
end_of_record
SF:/home/bronson/workspace/SQE_API/sqe-api-server/Services/CatalogService.cs
FN:85,System.Void SQE.API.Server.Services.CatalogService::CheckCatalogueEditRights(SQE.DatabaseAccess.Models.UserInfo)
FNDA:6,System.Void SQE.API.Server.Services.CatalogService::CheckCatalogueEditRights(SQE.DatabaseAccess.Models.UserInfo)
DA:86,6
DA:87,18
DA:88,0
DA:89,6
BRDA:87,12,0,6
BRDA:87,26,0,1
BRDA:87,26,1,6
BRDA:87,12,1,0
BRDA:87,61,0,0
BRDA:87,61,1,6
FN:33,System.Void SQE.API.Server.Services.CatalogService::.ctor(SQE.DatabaseAccess.ICatalogueRepository,Microsoft.AspNetCore.SignalR.IHubContext`2<SQE.API.Server.RealtimeHubs.MainHub,SQE.API.Server.RealtimeHubs.ISQEClient>)
FNDA:801,System.Void SQE.API.Server.Services.CatalogService::.ctor(SQE.DatabaseAccess.ICatalogueRepository,Microsoft.AspNetCore.SignalR.IHubContext`2<SQE.API.Server.RealtimeHubs.MainHub,SQE.API.Server.RealtimeHubs.ISQEClient>)
DA:34,801
DA:35,801
DA:36,801
DA:37,801
DA:38,801
FN:40,System.Void SQE.API.Server.Services.CatalogService/<GetImagedObjectsOfTextFragment>d__3::MoveNext()
FNDA:2,System.Void SQE.API.Server.Services.CatalogService/<GetImagedObjectsOfTextFragment>d__3::MoveNext()
DA:41,2
DA:42,2
DA:43,2
FN:45,System.Void SQE.API.Server.Services.CatalogService/<GetTextFragmentsOfImagedObject>d__4::MoveNext()
FNDA:2,System.Void SQE.API.Server.Services.CatalogService/<GetTextFragmentsOfImagedObject>d__4::MoveNext()
DA:46,2
DA:47,2
DA:48,2
DA:49,2
FN:51,System.Void SQE.API.Server.Services.CatalogService/<GetTextFragmentsAndImagedObjectsOfEdition>d__5::MoveNext()
FNDA:10,System.Void SQE.API.Server.Services.CatalogService/<GetTextFragmentsAndImagedObjectsOfEdition>d__5::MoveNext()
DA:52,10
DA:53,10
DA:54,10
FN:56,System.Void SQE.API.Server.Services.CatalogService/<GetTextFragmentsAndImagedObjectsOfManuscript>d__6::MoveNext()
FNDA:2,System.Void SQE.API.Server.Services.CatalogService/<GetTextFragmentsAndImagedObjectsOfManuscript>d__6::MoveNext()
DA:57,2
DA:58,2
DA:59,2
FN:63,System.Void SQE.API.Server.Services.CatalogService/<CreateTextFragmentImagedObjectMatch>d__7::MoveNext()
FNDA:2,System.Void SQE.API.Server.Services.CatalogService/<CreateTextFragmentImagedObjectMatch>d__7::MoveNext()
DA:64,2
DA:65,2
DA:67,2
DA:68,2
DA:69,2
DA:70,2
DA:71,2
DA:72,2
FN:77,System.Void SQE.API.Server.Services.CatalogService/<ConfirmTextFragmentImagedObjectMatch>d__8::MoveNext()
FNDA:4,System.Void SQE.API.Server.Services.CatalogService/<ConfirmTextFragmentImagedObjectMatch>d__8::MoveNext()
DA:78,4
DA:79,4
DA:80,4
DA:81,4
DA:82,4
DA:83,4
LF:36
LH:35
BRF:6
BRH:4
FNF:8
FNH:8
end_of_record
SF:/home/bronson/workspace/SQE_API/sqe-api-server/Services/EditionService.cs
FN:545,SQE.API.DTO.EditionDTO SQE.API.Server.Services.EditionService::EditionModelToDTO(SQE.DatabaseAccess.Models.Edition)
FNDA:8492,SQE.API.DTO.EditionDTO SQE.API.Server.Services.EditionService::EditionModelToDTO(SQE.DatabaseAccess.Models.Edition)
DA:546,8492
DA:547,8492
DA:548,8492
DA:549,8492
DA:550,8492
DA:551,8492
DA:552,8492
DA:553,8492
DA:554,8492
DA:555,8492
DA:556,8492
DA:557,8492
DA:558,8492
DA:559,8492
DA:560,8492
DA:561,8492
DA:562,8492
DA:563,8492
DA:564,8492
DA:565,8492
DA:566,8492
DA:567,8492
DA:568,16994
DA:569,16994
DA:570,16994
DA:571,16994
DA:572,16994
DA:573,16994
DA:574,16994
DA:575,16994
DA:576,16994
DA:577,8492
DA:578,8492
FN:580,SQE.API.DTO.PermissionDTO SQE.API.Server.Services.EditionService::PermissionModelToDTO(SQE.DatabaseAccess.Models.Permission)
FNDA:8492,SQE.API.DTO.PermissionDTO SQE.API.Server.Services.EditionService::PermissionModelToDTO(SQE.DatabaseAccess.Models.Permission)
DA:581,8492
DA:582,8492
DA:583,8492
DA:584,8492
DA:585,8492
DA:586,8492
DA:587,8492
DA:588,8492
FN:590,SQE.DatabaseAccess.Models.UserToken SQE.API.Server.Services.EditionService::OwnerToModel(SQE.API.DTO.UserDTO)
FNDA:0,SQE.DatabaseAccess.Models.UserToken SQE.API.Server.Services.EditionService::OwnerToModel(SQE.API.DTO.UserDTO)
DA:591,0
DA:592,0
DA:593,0
DA:594,0
DA:595,0
DA:596,0
DA:597,0
FN:599,SQE.DatabaseAccess.Models.Permission SQE.API.Server.Services.EditionService::PermissionDtoTOModel(SQE.API.DTO.PermissionDTO)
FNDA:0,SQE.DatabaseAccess.Models.Permission SQE.API.Server.Services.EditionService::PermissionDtoTOModel(SQE.API.DTO.PermissionDTO)
DA:600,0
DA:601,0
DA:602,0
DA:603,0
DA:604,0
DA:605,0
DA:606,0
FN:613,SQE.API.DTO.DetailedEditorRightsDTO SQE.API.Server.Services.EditionService::_permissionsToEditorRightsDTO(System.String,System.Boolean,System.Boolean,System.Boolean,System.Boolean,System.UInt32)
FNDA:9,SQE.API.DTO.DetailedEditorRightsDTO SQE.API.Server.Services.EditionService::_permissionsToEditorRightsDTO(System.String,System.Boolean,System.Boolean,System.Boolean,System.Boolean,System.UInt32)
DA:614,9
DA:615,9
DA:616,9
DA:617,9
DA:618,9
DA:619,9
DA:620,9
DA:621,9
DA:622,9
DA:623,9
DA:624,9
FN:626,System.Void SQE.API.Server.Services.EditionService::_parseOptional(System.Collections.Generic.List`1<System.String>,System.Boolean&)
FNDA:86,System.Void SQE.API.Server.Services.EditionService::_parseOptional(System.Collections.Generic.List`1<System.String>,System.Boolean&)
DA:627,86
DA:628,86
DA:629,86
FN:75,System.Void SQE.API.Server.Services.EditionService::.ctor(SQE.DatabaseAccess.IEditionRepository,SQE.DatabaseAccess.IUserRepository,SQE.API.Server.Services.IUserService,Microsoft.AspNetCore.SignalR.IHubContext`2<SQE.API.Server.RealtimeHubs.MainHub,SQE.API.Server.RealtimeHubs.ISQEClient>,Microsoft.AspNetCore.Identity.UI.Services.IEmailSender,Microsoft.Extensions.Configuration.IConfiguration,Microsoft.Extensions.Options.IOptions`1<SQE.API.Server.Helpers.AppSettings>)
FNDA:992,System.Void SQE.API.Server.Services.EditionService::.ctor(SQE.DatabaseAccess.IEditionRepository,SQE.DatabaseAccess.IUserRepository,SQE.API.Server.Services.IUserService,Microsoft.AspNetCore.SignalR.IHubContext`2<SQE.API.Server.RealtimeHubs.MainHub,SQE.API.Server.RealtimeHubs.ISQEClient>,Microsoft.AspNetCore.Identity.UI.Services.IEmailSender,Microsoft.Extensions.Configuration.IConfiguration,Microsoft.Extensions.Options.IOptions`1<SQE.API.Server.Helpers.AppSettings>)
DA:76,992
DA:77,992
DA:78,992
DA:79,992
DA:80,992
DA:81,992
DA:82,992
DA:83,992
DA:84,992
[...]
DA:367,14
DA:368,14
DA:369,15
BRDA:363,144,0,14
BRDA:363,144,1,15
FN:386,System.UInt32 SQE.DatabaseAccess.Helpers.PositionDataRequestHelper/<>c::<_createRequestForDisconnectAnchorsAsync>b__31_0(SQE.DatabaseAccess.Helpers.PositionDataPair)
FNDA:0,System.UInt32 SQE.DatabaseAccess.Helpers.PositionDataRequestHelper/<>c::<_createRequestForDisconnectAnchorsAsync>b__31_0(SQE.DatabaseAccess.Helpers.PositionDataPair)
DA:387,0
BRDA:387,431,0,1
BRDA:387,431,1,2
FN:391,System.UInt32 SQE.DatabaseAccess.Helpers.PositionDataRequestHelper/<>c::<_createRequestForDisconnectAnchorsAsync>b__31_1(SQE.DatabaseAccess.Helpers.PositionDataPair)
FNDA:0,System.UInt32 SQE.DatabaseAccess.Helpers.PositionDataRequestHelper/<>c::<_createRequestForDisconnectAnchorsAsync>b__31_1(SQE.DatabaseAccess.Helpers.PositionDataPair)
DA:392,0
BRDA:392,637,0,1
BRDA:392,637,1,1
FN:436,System.Boolean SQE.DatabaseAccess.Helpers.PositionDataRequestHelper/<>c__DisplayClass33_0::<_createRequestForTakingOutItemsAsync>b__0(SQE.DatabaseAccess.Helpers.PositionDataPair)
FNDA:10,System.Boolean SQE.DatabaseAccess.Helpers.PositionDataRequestHelper/<>c__DisplayClass33_0::<_createRequestForTakingOutItemsAsync>b__0(SQE.DatabaseAccess.Helpers.PositionDataPair)
DA:437,10
BRDA:437,329,0,7
BRDA:437,329,1,7
FN:455,System.Boolean SQE.DatabaseAccess.Helpers.PositionDataRequestHelper/<>c__DisplayClass33_1::<_createRequestForTakingOutItemsAsync>b__1(SQE.DatabaseAccess.Helpers.PositionDataPair)
FNDA:11,System.Boolean SQE.DatabaseAccess.Helpers.PositionDataRequestHelper/<>c__DisplayClass33_1::<_createRequestForTakingOutItemsAsync>b__1(SQE.DatabaseAccess.Helpers.PositionDataPair)
DA:456,11
FN:494,System.Void SQE.DatabaseAccess.Helpers.PositionDataRequestHelper/<_createMoveToRequestsAsync>d__34::MoveNext()
FNDA:3,System.Void SQE.DatabaseAccess.Helpers.PositionDataRequestHelper/<_createMoveToRequestsAsync>d__34::MoveNext()
DA:495,3
DA:497,3
DA:498,6
DA:500,3
DA:501,3
DA:502,3
BRDA:498,175,0,3
BRDA:498,175,1,3
FN:516,System.Void SQE.DatabaseAccess.Helpers.PositionDataRequestHelper/<_getNumberOfNextItemsAsync>d__35::MoveNext()
FNDA:0,System.Void SQE.DatabaseAccess.Helpers.PositionDataRequestHelper/<_getNumberOfNextItemsAsync>d__35::MoveNext()
DA:517,0
DA:518,0
DA:519,0
DA:520,0
DA:521,0
DA:522,0
DA:523,0
DA:524,0
DA:525,0
DA:526,0
DA:527,0
DA:528,0
DA:529,0
DA:530,0
DA:531,0
DA:532,0
DA:533,0
DA:534,0
DA:535,0
DA:537,0
DA:538,0
FN:546,System.Void SQE.DatabaseAccess.Helpers.PositionDataRequestHelper/<_getExistingPairsAsync>d__36::MoveNext()
FNDA:19,System.Void SQE.DatabaseAccess.Helpers.PositionDataRequestHelper/<_getExistingPairsAsync>d__36::MoveNext()
DA:547,19
DA:548,19
DA:549,19
DA:550,19
DA:551,19
DA:552,19
DA:553,19
DA:554,19
DA:555,19
DA:556,19
DA:557,19
DA:558,19
DA:559,19
DA:560,19
DA:561,19
DA:563,19
DA:564,19
DA:565,19
BRDA:564,635,0,19
BRDA:564,635,1,0
FN:573,System.Void SQE.DatabaseAccess.Helpers.PositionDataRequestHelper/<_getExistingPairAsync>d__37::MoveNext()
FNDA:15,System.Void SQE.DatabaseAccess.Helpers.PositionDataRequestHelper/<_getExistingPairAsync>d__37::MoveNext()
DA:574,15
DA:575,15
DA:576,15
DA:577,15
DA:578,15
DA:579,15
DA:580,15
BRDA:579,187,0,14
BRDA:579,187,1,1
FN:587,System.Void SQE.DatabaseAccess.Helpers.PositionDataRequestHelper/<_getExistingPairsFromItemsAsync>d__38::MoveNext()
FNDA:9,System.Void SQE.DatabaseAccess.Helpers.PositionDataRequestHelper/<_getExistingPairsFromItemsAsync>d__38::MoveNext()
DA:588,9
DA:589,9
DA:590,9
DA:591,9
DA:592,9
DA:593,9
DA:594,9
DA:595,9
DA:596,9
DA:597,9
DA:598,9
DA:599,9
DA:600,9
DA:602,9
DA:603,9
DA:604,9
DA:605,9
DA:606,9
DA:607,9
BRDA:606,540,0,9
BRDA:606,540,1,0
FN:615,System.Void SQE.DatabaseAccess.Helpers.PositionDataRequestHelper/<_getExistingPairsFromNextItemsAsync>d__39::MoveNext()
FNDA:8,System.Void SQE.DatabaseAccess.Helpers.PositionDataRequestHelper/<_getExistingPairsFromNextItemsAsync>d__39::MoveNext()
DA:616,8
DA:617,8
DA:618,8
DA:619,8
DA:620,8
DA:621,8
DA:622,8
DA:623,8
DA:624,8
DA:625,8
DA:626,8
DA:627,8
DA:628,8
DA:630,8
DA:631,8
DA:632,8
BRDA:631,540,0,8
BRDA:631,540,1,0
FN:634,System.Void SQE.DatabaseAccess.Helpers.PositionDataRequestHelper/<_endsWithLastElementAsync>d__40::MoveNext()
FNDA:0,System.Void SQE.DatabaseAccess.Helpers.PositionDataRequestHelper/<_endsWithLastElementAsync>d__40::MoveNext()
DA:635,0
DA:636,0
DA:637,0
DA:638,0
DA:639,0
FN:659,System.Void SQE.DatabaseAccess.Helpers.PositionDataRequestHelper/<_getAnchorsBeforeAsync>d__42::MoveNext()
FNDA:7,System.Void SQE.DatabaseAccess.Helpers.PositionDataRequestHelper/<_getAnchorsBeforeAsync>d__42::MoveNext()
DA:660,7
DA:661,7
DA:662,7
DA:663,7
DA:664,7
DA:665,7
DA:666,7
DA:667,7
DA:668,7
DA:669,7
DA:670,7
DA:672,7
DA:673,7
DA:674,7
BRDA:673,507,0,7
BRDA:673,507,1,0
FN:680,System.Void SQE.DatabaseAccess.Helpers.PositionDataRequestHelper/<_getAnchorsAfterAsync>d__43::MoveNext()
FNDA:7,System.Void SQE.DatabaseAccess.Helpers.PositionDataRequestHelper/<_getAnchorsAfterAsync>d__43::MoveNext()
DA:681,7
DA:682,7
DA:683,7
DA:684,7
DA:685,7
DA:686,7
DA:687,7
DA:688,7
DA:689,7
DA:690,7
DA:691,7
DA:693,7
DA:694,7
DA:695,7
BRDA:694,502,0,7
BRDA:694,502,1,0
LF:254
LH:220
BRF:58
BRH:44
FNF:38
FNH:31
end_of_record
SF:/home/bronson/workspace/SQE_API/sqe-database-access/Helpers/SignFactory.cs
FN:11,SQE.DatabaseAccess.Models.SignData SQE.DatabaseAccess.Helpers.SignFactory::CreateSimpleCharacterSign(System.String,System.Single,System.Nullable`1<SQE.DatabaseAccess.Helpers.Readability>,System.Nullable`1<System.Single>)
FNDA:0,SQE.DatabaseAccess.Models.SignData SQE.DatabaseAccess.Helpers.SignFactory::CreateSimpleCharacterSign(System.String,System.Single,System.Nullable`1<SQE.DatabaseAccess.Helpers.Readability>,System.Nullable`1<System.Single>)
DA:12,0
DA:13,0
DA:14,0
DA:15,0
DA:16,0
DA:17,0
DA:18,0
DA:19,0
DA:20,0
DA:21,0
FN:23,SQE.DatabaseAccess.Models.SignData SQE.DatabaseAccess.Helpers.SignFactory::CreateSpaceSign(System.Single,System.Nullable`1<System.Single>)
FNDA:0,SQE.DatabaseAccess.Models.SignData SQE.DatabaseAccess.Helpers.SignFactory::CreateSpaceSign(System.Single,System.Nullable`1<System.Single>)
DA:24,0
DA:25,0
DA:26,0
DA:27,0
DA:28,0
DA:29,0
FN:31,SQE.DatabaseAccess.Models.SignData SQE.DatabaseAccess.Helpers.SignFactory::CreateVacatSign(System.Single,System.Nullable`1<System.Single>)
FNDA:0,SQE.DatabaseAccess.Models.SignData SQE.DatabaseAccess.Helpers.SignFactory::CreateVacatSign(System.Single,System.Nullable`1<System.Single>)
DA:32,0
DA:33,0
DA:34,0
DA:35,0
DA:36,0
DA:37,0
FN:39,SQE.DatabaseAccess.Models.SignData SQE.DatabaseAccess.Helpers.SignFactory::CreateDamageSign(System.Single,System.Nullable`1<System.Single>)
FNDA:0,SQE.DatabaseAccess.Models.SignData SQE.DatabaseAccess.Helpers.SignFactory::CreateDamageSign(System.Single,System.Nullable`1<System.Single>)
DA:40,0
DA:41,0
DA:42,0
DA:43,0
DA:44,0
DA:45,0
FN:47,SQE.DatabaseAccess.Models.SignData SQE.DatabaseAccess.Helpers.SignFactory::CreateTerminatorSign(SQE.DatabaseAccess.Helpers.TableData/Table,SQE.DatabaseAccess.Helpers.TableData/TerminatorType)
FNDA:0,SQE.DatabaseAccess.Models.SignData SQE.DatabaseAccess.Helpers.SignFactory::CreateTerminatorSign(SQE.DatabaseAccess.Helpers.TableData/Table,SQE.DatabaseAccess.Helpers.TableData/TerminatorType)
DA:48,0
DA:49,0
DA:50,0
DA:51,0
DA:52,0
DA:53,0
DA:54,0
DA:55,0
DA:56,0
LF:37
LH:0
BRF:0
BRH:0
FNF:5
FNH:0
end_of_record
SF:/home/bronson/workspace/SQE_API/sqe-database-access/Helpers/SignInterpretationAttributeFactory.cs
FN:27,SQE.DatabaseAccess.Models.SignInterpretationAttributeData SQE.DatabaseAccess.Helpers.SignInterpretationAttributeFactory::CreateCharacterAttribute(System.Single)
FNDA:0,SQE.DatabaseAccess.Models.SignInterpretationAttributeData SQE.DatabaseAccess.Helpers.SignInterpretationAttributeFactory::CreateCharacterAttribute(System.Single)
DA:28,0
DA:29,0
DA:30,0
FN:32,SQE.DatabaseAccess.Models.SignInterpretationAttributeData SQE.DatabaseAccess.Helpers.SignInterpretationAttributeFactory::CreateSpaceAttribute(System.Single)
FNDA:0,SQE.DatabaseAccess.Models.SignInterpretationAttributeData SQE.DatabaseAccess.Helpers.SignInterpretationAttributeFactory::CreateSpaceAttribute(System.Single)
DA:33,0
DA:34,0
DA:35,0
FN:37,SQE.DatabaseAccess.Models.SignInterpretationAttributeData SQE.DatabaseAccess.Helpers.SignInterpretationAttributeFactory::CreateVacatAttribute(System.Single)
FNDA:0,SQE.DatabaseAccess.Models.SignInterpretationAttributeData SQE.DatabaseAccess.Helpers.SignInterpretationAttributeFactory::CreateVacatAttribute(System.Single)
DA:38,0
DA:39,0
DA:40,0
FN:42,SQE.DatabaseAccess.Models.SignInterpretationAttributeData SQE.DatabaseAccess.Helpers.SignInterpretationAttributeFactory::CreateDamageAttribute(System.Single)
FNDA:0,SQE.DatabaseAccess.Models.SignInterpretationAttributeData SQE.DatabaseAccess.Helpers.SignInterpretationAttributeFactory::CreateDamageAttribute(System.Single)
DA:43,0
DA:44,0
DA:45,0
FN:50,System.Collections.Generic.List`1<SQE.DatabaseAccess.Models.SignInterpretationAttributeData> SQE.DatabaseAccess.Helpers.SignInterpretationAttributeFactory::CreateElementTerminatorAttributes(SQE.DatabaseAccess.Helpers.TableData/Table,SQE.DatabaseAccess.Helpers.TableData/TerminatorType)
FNDA:0,System.Collections.Generic.List`1<SQE.DatabaseAccess.Models.SignInterpretationAttributeData> SQE.DatabaseAccess.Helpers.SignInterpretationAttributeFactory::CreateElementTerminatorAttributes(SQE.DatabaseAccess.Helpers.TableData/Table,SQE.DatabaseAccess.Helpers.TableData/TerminatorType)
DA:51,0
DA:52,0
DA:53,0
DA:54,0
BRDA:52,14,0,0
BRDA:52,14,1,0
FN:57,SQE.DatabaseAccess.Models.SignInterpretationAttributeData SQE.DatabaseAccess.Helpers.SignInterpretationAttributeFactory::CreateProbabilityAttribute(System.Single)
FNDA:0,SQE.DatabaseAccess.Models.SignInterpretationAttributeData SQE.DatabaseAccess.Helpers.SignInterpretationAttributeFactory::CreateProbabilityAttribute(System.Single)
DA:58,0
DA:59,0
DA:60,0
FN:62,SQE.DatabaseAccess.Models.SignInterpretationAttributeData SQE.DatabaseAccess.Helpers.SignInterpretationAttributeFactory::CreateReadabilityAttribute(SQE.DatabaseAccess.Helpers.Readability)
FNDA:0,SQE.DatabaseAccess.Models.SignInterpretationAttributeData SQE.DatabaseAccess.Helpers.SignInterpretationAttributeFactory::CreateReadabilityAttribute(SQE.DatabaseAccess.Helpers.Readability)
DA:63,0
DA:64,0
DA:65,0
FN:70,SQE.DatabaseAccess.Models.SignInterpretationAttributeData SQE.DatabaseAccess.Helpers.SignInterpretationAttributeFactory::_createNumericAttribute(System.UInt32,System.Single)
FNDA:0,SQE.DatabaseAccess.Models.SignInterpretationAttributeData SQE.DatabaseAccess.Helpers.SignInterpretationAttributeFactory::_createNumericAttribute(System.UInt32,System.Single)
DA:71,0
DA:72,0
DA:73,0
DA:74,0
DA:75,0
DA:76,0
DA:77,0
LF:29
LH:0
BRF:2
BRH:0
FNF:8
FNH:0
end_of_record
SF:/home/bronson/workspace/SQE_API/sqe-database-access/Helpers/SignInterpretationFactory.cs
FN:9,SQE.DatabaseAccess.Models.SignInterpretationData SQE.DatabaseAccess.Helpers.SignInterpretationFactory::CreateTerminatorInterpretation(SQE.DatabaseAccess.Helpers.TableData/Table,SQE.DatabaseAccess.Helpers.TableData/TerminatorType)
FNDA:0,SQE.DatabaseAccess.Models.SignInterpretationData SQE.DatabaseAccess.Helpers.SignInterpretationFactory::CreateTerminatorInterpretation(SQE.DatabaseAccess.Helpers.TableData/Table,SQE.DatabaseAccess.Helpers.TableData/TerminatorType)
DA:10,0
DA:11,0
DA:12,0
FN:19,SQE.DatabaseAccess.Models.SignInterpretationData SQE.DatabaseAccess.Helpers.SignInterpretationFactory::CreateCharacterInterpretation(System.String,System.Single,System.Nullable`1<SQE.DatabaseAccess.Helpers.Readability>,System.Nullable`1<System.Single>)
FNDA:0,SQE.DatabaseAccess.Models.SignInterpretationData SQE.DatabaseAccess.Helpers.SignInterpretationFactory::CreateCharacterInterpretation(System.String,System.Single,System.Nullable`1<SQE.DatabaseAccess.Helpers.Readability>,System.Nullable`1<System.Single>)
DA:20,0
DA:21,0
DA:22,0
FN:25,SQE.DatabaseAccess.Models.SignInterpretationData SQE.DatabaseAccess.Helpers.SignInterpretationFactory::CreateSpaceInterpretation(System.Single,System.Nullable`1<System.Single>)
FNDA:0,SQE.DatabaseAccess.Models.SignInterpretationData SQE.DatabaseAccess.Helpers.SignInterpretationFactory::CreateSpaceInterpretation(System.Single,System.Nullable`1<System.Single>)
DA:26,0
DA:27,0
DA:28,0
FN:31,SQE.DatabaseAccess.Models.SignInterpretationData SQE.DatabaseAccess.Helpers.SignInterpretationFactory::CreateVacatInterpretation(System.Single,System.Nullable`1<System.Single>)
FNDA:0,SQE.DatabaseAccess.Models.SignInterpretationData SQE.DatabaseAccess.Helpers.SignInterpretationFactory::CreateVacatInterpretation(System.Single,System.Nullable`1<System.Single>)
DA:32,0
DA:33,0
DA:34,0
FN:37,SQE.DatabaseAccess.Models.SignInterpretationData SQE.DatabaseAccess.Helpers.SignInterpretationFactory::CreateDamagedInterpretation(System.Single,System.Nullable`1<System.Single>)
FNDA:0,SQE.DatabaseAccess.Models.SignInterpretationData SQE.DatabaseAccess.Helpers.SignInterpretationFactory::CreateDamagedInterpretation(System.Single,System.Nullable`1<System.Single>)
DA:38,0
DA:39,0
DA:40,0
FN:46,SQE.DatabaseAccess.Models.SignInterpretationData SQE.DatabaseAccess.Helpers.SignInterpretationFactory::_createSimpleInterpretation(System.String,SQE.DatabaseAccess.Models.SignInterpretationAttributeData,System.Nullable`1<SQE.DatabaseAccess.Helpers.Readability>,System.Nullable`1<System.Single>)
FNDA:0,SQE.DatabaseAccess.Models.SignInterpretationData SQE.DatabaseAccess.Helpers.SignInterpretationFactory::_createSimpleInterpretation(System.String,SQE.DatabaseAccess.Models.SignInterpretationAttributeData,System.Nullable`1<SQE.DatabaseAccess.Helpers.Readability>,System.Nullable`1<System.Single>)
DA:47,0
DA:48,0
DA:49,0
DA:50,0
DA:51,0
DA:52,0
DA:53,0
FN:58,SQE.DatabaseAccess.Models.SignInterpretationData SQE.DatabaseAccess.Helpers.SignInterpretationFactory::_createSimpleInterpretation(System.String,System.Collections.Generic.List`1<SQE.DatabaseAccess.Models.SignInterpretationAttributeData>,System.Nullable`1<SQE.DatabaseAccess.Helpers.Readability>,System.Nullable`1<System.Single>)
FNDA:0,SQE.DatabaseAccess.Models.SignInterpretationData SQE.DatabaseAccess.Helpers.SignInterpretationFactory::_createSimpleInterpretation(System.String,System.Collections.Generic.List`1<SQE.DatabaseAccess.Models.SignInterpretationAttributeData>,System.Nullable`1<SQE.DatabaseAccess.Helpers.Readability>,System.Nullable`1<System.Single>)
DA:59,0
DA:60,0
DA:61,0
DA:62,0
DA:63,0
DA:64,0
DA:66,0
DA:67,0
DA:68,0
DA:70,0
DA:71,0
DA:72,0
DA:74,0
DA:75,0
BRDA:66,32,0,0
BRDA:66,32,1,0
BRDA:70,67,0,0
BRDA:70,67,1,0
LF:36
LH:0
BRF:4
BRH:0
FNF:7
FNH:0
end_of_record
SF:/home/bronson/workspace/SQE_API/sqe-database-access/Helpers/TableData.cs
FN:45,System.String SQE.DatabaseAccess.Helpers.TableData::Name(SQE.DatabaseAccess.Helpers.TableData/Table)
FNDA:144,System.String SQE.DatabaseAccess.Helpers.TableData::Name(SQE.DatabaseAccess.Helpers.TableData/Table)
DA:46,144
DA:47,144
DA:48,144
FN:55,System.String SQE.DatabaseAccess.Helpers.TableData::Parent(SQE.DatabaseAccess.Helpers.TableData/Table)
FNDA:8,System.String SQE.DatabaseAccess.Helpers.TableData::Parent(SQE.DatabaseAccess.Helpers.TableData/Table)
DA:56,8
DA:57,8
DA:58,8
BRDA:57,3,0,0
BRDA:57,3,1,8
FN:65,System.String SQE.DatabaseAccess.Helpers.TableData::Child(SQE.DatabaseAccess.Helpers.TableData/Table)
FNDA:54,System.String SQE.DatabaseAccess.Helpers.TableData::Child(SQE.DatabaseAccess.Helpers.TableData/Table)
DA:66,54
DA:67,54
DA:68,54
BRDA:67,7,0,0
BRDA:67,7,1,54
FN:75,System.Boolean SQE.DatabaseAccess.Helpers.TableData::HasData(SQE.DatabaseAccess.Helpers.TableData/Table)
FNDA:0,System.Boolean SQE.DatabaseAccess.Helpers.TableData::HasData(SQE.DatabaseAccess.Helpers.TableData/Table)
DA:76,0
DA:77,0
DA:78,0
FN:87,System.String SQE.DatabaseAccess.Helpers.TableData::ConnectingTableToParent(SQE.DatabaseAccess.Helpers.TableData/Table)
FNDA:0,System.String SQE.DatabaseAccess.Helpers.TableData::ConnectingTableToParent(SQE.DatabaseAccess.Helpers.TableData/Table)
DA:88,0
DA:89,0
DA:90,0
BRDA:89,3,0,0
BRDA:89,3,1,0
FN:92,System.String SQE.DatabaseAccess.Helpers.TableData::TableId(SQE.DatabaseAccess.Helpers.TableData/Table)
FNDA:82,System.String SQE.DatabaseAccess.Helpers.TableData::TableId(SQE.DatabaseAccess.Helpers.TableData/Table)
DA:93,82
DA:94,82
DA:95,82
FN:103,System.String SQE.DatabaseAccess.Helpers.TableData::ConnectingTableToChild(SQE.DatabaseAccess.Helpers.TableData/Table)
FNDA:54,System.String SQE.DatabaseAccess.Helpers.TableData::ConnectingTableToChild(SQE.DatabaseAccess.Helpers.TableData/Table)
DA:104,54
DA:105,54
DA:106,54
BRDA:105,7,0,0
BRDA:105,7,1,54
FN:114,System.String SQE.DatabaseAccess.Helpers.TableData::DataTableName(SQE.DatabaseAccess.Helpers.TableData/Table)
FNDA:0,System.String SQE.DatabaseAccess.Helpers.TableData::DataTableName(SQE.DatabaseAccess.Helpers.TableData/Table)
DA:115,0
DA:116,0
DA:117,0
BRDA:116,7,0,0
BRDA:116,7,1,0
FN:124,System.UInt32[] SQE.DatabaseAccess.Helpers.TableData::Terminators(SQE.DatabaseAccess.Helpers.TableData/Table)
FNDA:28,System.UInt32[] SQE.DatabaseAccess.Helpers.TableData::Terminators(SQE.DatabaseAccess.Helpers.TableData/Table)
DA:125,28
DA:126,28
DA:127,28
FN:135,System.UInt32 SQE.DatabaseAccess.Helpers.TableData::StartTerminator(SQE.DatabaseAccess.Helpers.TableData/Table)
FNDA:0,System.UInt32 SQE.DatabaseAccess.Helpers.TableData::StartTerminator(SQE.DatabaseAccess.Helpers.TableData/Table)
DA:136,0
DA:137,0
DA:138,0
FN:145,System.UInt32 SQE.DatabaseAccess.Helpers.TableData::EndTerminator(SQE.DatabaseAccess.Helpers.TableData/Table)
FNDA:0,System.UInt32 SQE.DatabaseAccess.Helpers.TableData::EndTerminator(SQE.DatabaseAccess.Helpers.TableData/Table)
DA:146,0
DA:147,0
DA:148,0
FN:160,System.UInt32[] SQE.DatabaseAccess.Helpers.TableData::AllTerminators(SQE.DatabaseAccess.Helpers.TableData/Table,SQE.DatabaseAccess.Helpers.TableData/TerminatorType)
FNDA:0,System.UInt32[] SQE.DatabaseAccess.Helpers.TableData::AllTerminators(SQE.DatabaseAccess.Helpers.TableData/Table,SQE.DatabaseAccess.Helpers.TableData/TerminatorType)
DA:161,0
DA:164,0
DA:165,0
DA:167,0
DA:168,0
DA:169,0
DA:170,0
DA:172,0
DA:173,0
DA:174,0
DA:176,0
DA:178,0
DA:179,0
BRDA:164,7,0,0
BRDA:164,7,1,0
BRDA:176,93,1,0
BRDA:176,93,0,0
FN:198,System.String SQE.DatabaseAccess.Helpers.TableData::FromQueryPart(SQE.DatabaseAccess.Helpers.TableData/Table,System.Boolean,System.Boolean,System.Boolean,System.Boolean)
FNDA:28,System.String SQE.DatabaseAccess.Helpers.TableData::FromQueryPart(SQE.DatabaseAccess.Helpers.TableData/Table,System.Boolean,System.Boolean,System.Boolean,System.Boolean)
DA:199,28
DA:200,28
DA:201,28
DA:202,28
DA:203,28
DA:204,28
DA:205,28
DA:206,28
DA:207,0
DA:208,0
DA:209,0
DA:210,0
DA:211,0
DA:212,0
DA:213,28
DA:214,28
DA:215,28
DA:216,28
DA:218,164
DA:219,54
DA:220,54
DA:221,54
DA:222,54
DA:223,54
DA:224,0
DA:225,0
DA:226,0
DA:227,0
DA:228,0
DA:229,0
DA:230,0
DA:231,54
DA:233,28
DA:234,28
DA:235,28
DA:236,28
DA:237,28
DA:238,28
DA:239,28
BRDA:206,10,0,0
BRDA:206,10,1,28
BRDA:213,27,0,28
BRDA:213,27,1,28
BRDA:218,322,1,54
BRDA:223,116,0,0
BRDA:223,116,1,54
BRDA:223,131,0,0
BRDA:223,131,1,54
BRDA:218,322,0,28
BRDA:237,352,0,0
BRDA:237,352,1,28
FN:241,System.String SQE.DatabaseAccess.Helpers.TableData::GetChildrenIdsQuery(SQE.DatabaseAccess.Helpers.TableData/Table)
FNDA:0,System.String SQE.DatabaseAccess.Helpers.TableData::GetChildrenIdsQuery(SQE.DatabaseAccess.Helpers.TableData/Table)
DA:242,0
DA:243,0
DA:244,0
DA:245,0
DA:246,0
DA:247,0
DA:248,0
DA:249,0
DA:250,0
FN:252,System.String SQE.DatabaseAccess.Helpers.TableData::GetDataIdQuery(SQE.DatabaseAccess.Helpers.TableData/Table)
FNDA:0,System.String SQE.DatabaseAccess.Helpers.TableData::GetDataIdQuery(SQE.DatabaseAccess.Helpers.TableData/Table)
DA:253,0
DA:254,0
DA:255,0
DA:256,0
DA:257,0
DA:258,0
DA:259,0
DA:260,0
FN:26,System.Void SQE.DatabaseAccess.Helpers.TableData::.cctor()
FNDA:1,System.Void SQE.DatabaseAccess.Helpers.TableData::.cctor()
DA:27,1
DA:30,1
DA:31,1
DA:32,1
DA:33,1
DA:34,1
DA:35,1
DA:36,1
DA:38,1
LF:111
LH:53
BRF:26
BRH:11
FNF:16
FNH:8
end_of_record